[2023-09-17T21:23:10.815+0000] {taskinstance.py:1083} INFO - Dependencies all met for <TaskInstance: your_python_dag.data_preprocessing_task manual__2023-09-17T21:23:06.835235+00:00 [queued]>
[2023-09-17T21:23:10.824+0000] {taskinstance.py:1083} INFO - Dependencies all met for <TaskInstance: your_python_dag.data_preprocessing_task manual__2023-09-17T21:23:06.835235+00:00 [queued]>
[2023-09-17T21:23:10.825+0000] {taskinstance.py:1279} INFO - 
--------------------------------------------------------------------------------
[2023-09-17T21:23:10.825+0000] {taskinstance.py:1280} INFO - Starting attempt 1 of 1
[2023-09-17T21:23:10.825+0000] {taskinstance.py:1281} INFO - 
--------------------------------------------------------------------------------
[2023-09-17T21:23:10.842+0000] {taskinstance.py:1300} INFO - Executing <Task(PythonOperator): data_preprocessing_task> on 2023-09-17 21:23:06.835235+00:00
[2023-09-17T21:23:10.890+0000] {standard_task_runner.py:55} INFO - Started process 708 to run task
[2023-09-17T21:23:10.898+0000] {standard_task_runner.py:82} INFO - Running: ['***', 'tasks', 'run', 'your_python_dag', 'data_preprocessing_task', 'manual__2023-09-17T21:23:06.835235+00:00', '--job-id', '120', '--raw', '--subdir', 'DAGS_FOLDER/***.py', '--cfg-path', '/tmp/tmp9afzhq8m']
[2023-09-17T21:23:10.901+0000] {standard_task_runner.py:83} INFO - Job 120: Subtask data_preprocessing_task
[2023-09-17T21:23:10.951+0000] {task_command.py:388} INFO - Running <TaskInstance: your_python_dag.data_preprocessing_task manual__2023-09-17T21:23:06.835235+00:00 [running]> on host b55550b47356
[2023-09-17T21:23:11.159+0000] {taskinstance.py:1509} INFO - Exporting the following env vars:
AIRFLOW_CTX_DAG_OWNER=your_name
AIRFLOW_CTX_DAG_ID=your_python_dag
AIRFLOW_CTX_TASK_ID=data_preprocessing_task
AIRFLOW_CTX_EXECUTION_DATE=2023-09-17T21:23:06.835235+00:00
AIRFLOW_CTX_TRY_NUMBER=1
AIRFLOW_CTX_DAG_RUN_ID=manual__2023-09-17T21:23:06.835235+00:00
[2023-09-17T21:23:11.169+0000] {logging_mixin.py:137} INFO - <class 'pandas.core.frame.DataFrame'>
[2023-09-17T21:23:11.170+0000] {logging_mixin.py:137} INFO - ahbd
[2023-09-17T21:23:11.197+0000] {logging_mixin.py:137} INFO -      CUST_ID      BALANCE  ...  PRC_FULL_PAYMENT  TENURE
0     C10001    40.900749  ...          0.000000      12
1     C10002  3202.467416  ...          0.222222      12
2     C10003  2495.148862  ...          0.000000      12
4     C10005   817.714335  ...          0.000000      12
5     C10006  1809.828751  ...          0.000000      12
...      ...          ...  ...               ...     ...
8943  C19184     5.871712  ...          0.000000       6
8945  C19186    28.493517  ...          0.500000       6
8947  C19188    23.398673  ...          0.250000       6
8948  C19189    13.457564  ...          0.250000       6
8949  C19190   372.708075  ...          0.000000       6

[8636 rows x 18 columns]
[2023-09-17T21:23:11.197+0000] {logging_mixin.py:137} INFO - Index(['CUST_ID', 'BALANCE', 'BALANCE_FREQUENCY', 'PURCHASES',
       'ONEOFF_PURCHASES', 'INSTALLMENTS_PURCHASES', 'CASH_ADVANCE',
       'PURCHASES_FREQUENCY', 'ONEOFF_PURCHASES_FREQUENCY',
       'PURCHASES_INSTALLMENTS_FREQUENCY', 'CASH_ADVANCE_FREQUENCY',
       'CASH_ADVANCE_TRX', 'PURCHASES_TRX', 'CREDIT_LIMIT', 'PAYMENTS',
       'MINIMUM_PAYMENTS', 'PRC_FULL_PAYMENT', 'TENURE'],
      dtype='object')
[2023-09-17T21:23:11.198+0000] {logging_mixin.py:137} INFO - <class 'pandas.core.frame.DataFrame'>
[2023-09-17T21:23:11.199+0000] {python.py:177} INFO - Done. Returned value was:           BALANCE  PURCHASES  CREDIT_LIMIT
0       40.900749      95.40        1000.0
1     3202.467416       0.00        7000.0
2     2495.148862     773.17        7500.0
4      817.714335      16.00        1200.0
5     1809.828751    1333.28        1800.0
...           ...        ...           ...
8943     5.871712      20.90         500.0
8945    28.493517     291.12        1000.0
8947    23.398673     144.40        1000.0
8948    13.457564       0.00         500.0
8949   372.708075    1093.25        1200.0

[8636 rows x 3 columns]
[2023-09-17T21:23:11.239+0000] {taskinstance.py:1323} INFO - Marking task as SUCCESS. dag_id=your_python_dag, task_id=data_preprocessing_task, execution_date=20230917T212306, start_date=20230917T212310, end_date=20230917T212311
[2023-09-17T21:23:11.271+0000] {local_task_job.py:208} INFO - Task exited with return code 0
[2023-09-17T21:23:11.289+0000] {taskinstance.py:2578} INFO - 0 downstream tasks scheduled from follow-on schedule check
