[2023-09-30T17:31:18.620+0000] {taskinstance.py:1083} INFO - Dependencies all met for <TaskInstance: your_python_dag.build_save_model_task manual__2023-09-30T17:31:06.401145+00:00 [queued]>
[2023-09-30T17:31:18.627+0000] {taskinstance.py:1083} INFO - Dependencies all met for <TaskInstance: your_python_dag.build_save_model_task manual__2023-09-30T17:31:06.401145+00:00 [queued]>
[2023-09-30T17:31:18.628+0000] {taskinstance.py:1279} INFO - 
--------------------------------------------------------------------------------
[2023-09-30T17:31:18.628+0000] {taskinstance.py:1280} INFO - Starting attempt 1 of 1
[2023-09-30T17:31:18.628+0000] {taskinstance.py:1281} INFO - 
--------------------------------------------------------------------------------
[2023-09-30T17:31:18.639+0000] {taskinstance.py:1300} INFO - Executing <Task(PythonOperator): build_save_model_task> on 2023-09-30 17:31:06.401145+00:00
[2023-09-30T17:31:18.651+0000] {standard_task_runner.py:55} INFO - Started process 4250 to run task
[2023-09-30T17:31:18.656+0000] {standard_task_runner.py:82} INFO - Running: ['***', 'tasks', 'run', 'your_python_dag', 'build_save_model_task', 'manual__2023-09-30T17:31:06.401145+00:00', '--job-id', '258', '--raw', '--subdir', 'DAGS_FOLDER/***.py', '--cfg-path', '/tmp/tmptqaf8fiv']
[2023-09-30T17:31:18.658+0000] {standard_task_runner.py:83} INFO - Job 258: Subtask build_save_model_task
[2023-09-30T17:31:18.731+0000] {task_command.py:388} INFO - Running <TaskInstance: your_python_dag.build_save_model_task manual__2023-09-30T17:31:06.401145+00:00 [running]> on host 48572125e3d1
[2023-09-30T17:31:18.824+0000] {taskinstance.py:1509} INFO - Exporting the following env vars:
AIRFLOW_CTX_DAG_OWNER=your_name
AIRFLOW_CTX_DAG_ID=your_python_dag
AIRFLOW_CTX_TASK_ID=build_save_model_task
AIRFLOW_CTX_EXECUTION_DATE=2023-09-30T17:31:06.401145+00:00
AIRFLOW_CTX_TRY_NUMBER=1
AIRFLOW_CTX_DAG_RUN_ID=manual__2023-09-30T17:31:06.401145+00:00
[2023-09-30T17:31:19.647+0000] {logging_mixin.py:137} INFO - GitHub issue created successfully: https://github.com/DRAJ6/Airflow-GitHub/issues/11
[2023-09-30T17:31:19.649+0000] {python.py:177} INFO - Done. Returned value was: None
[2023-09-30T17:31:19.675+0000] {taskinstance.py:1323} INFO - Marking task as SUCCESS. dag_id=your_python_dag, task_id=build_save_model_task, execution_date=20230930T173106, start_date=20230930T173118, end_date=20230930T173119
[2023-09-30T17:31:19.734+0000] {local_task_job.py:208} INFO - Task exited with return code 0
[2023-09-30T17:31:19.789+0000] {taskinstance.py:2578} INFO - 1 downstream tasks scheduled from follow-on schedule check
