[2023-10-01T03:33:59.974+0000] {taskinstance.py:1083} INFO - Dependencies all met for <TaskInstance: Airflow-GitHub.load_model_task manual__2023-10-01T03:33:45.153499+00:00 [queued]>
[2023-10-01T03:33:59.984+0000] {taskinstance.py:1083} INFO - Dependencies all met for <TaskInstance: Airflow-GitHub.load_model_task manual__2023-10-01T03:33:45.153499+00:00 [queued]>
[2023-10-01T03:33:59.984+0000] {taskinstance.py:1279} INFO - 
--------------------------------------------------------------------------------
[2023-10-01T03:33:59.984+0000] {taskinstance.py:1280} INFO - Starting attempt 1 of 1
[2023-10-01T03:33:59.985+0000] {taskinstance.py:1281} INFO - 
--------------------------------------------------------------------------------
[2023-10-01T03:34:00.000+0000] {taskinstance.py:1300} INFO - Executing <Task(PythonOperator): load_model_task> on 2023-10-01 03:33:45.153499+00:00
[2023-10-01T03:34:00.017+0000] {standard_task_runner.py:55} INFO - Started process 2353 to run task
[2023-10-01T03:34:00.029+0000] {standard_task_runner.py:82} INFO - Running: ['***', 'tasks', 'run', 'Airflow-GitHub', 'load_model_task', 'manual__2023-10-01T03:33:45.153499+00:00', '--job-id', '313', '--raw', '--subdir', 'DAGS_FOLDER/***.py', '--cfg-path', '/tmp/tmpbwm4gkrh']
[2023-10-01T03:34:00.034+0000] {standard_task_runner.py:83} INFO - Job 313: Subtask load_model_task
[2023-10-01T03:34:00.189+0000] {task_command.py:388} INFO - Running <TaskInstance: Airflow-GitHub.load_model_task manual__2023-10-01T03:33:45.153499+00:00 [running]> on host 434a62d4e45a
[2023-10-01T03:34:00.344+0000] {taskinstance.py:1509} INFO - Exporting the following env vars:
AIRFLOW_CTX_DAG_OWNER=Dheeraj
AIRFLOW_CTX_DAG_ID=Airflow-GitHub
AIRFLOW_CTX_TASK_ID=load_model_task
AIRFLOW_CTX_EXECUTION_DATE=2023-10-01T03:33:45.153499+00:00
AIRFLOW_CTX_TRY_NUMBER=1
AIRFLOW_CTX_DAG_RUN_ID=manual__2023-10-01T03:33:45.153499+00:00
[2023-10-01T03:34:00.348+0000] {logging_mixin.py:137} INFO - 0.97
[2023-10-01T03:34:00.349+0000] {python.py:177} INFO - Done. Returned value was: 1
[2023-10-01T03:34:00.379+0000] {taskinstance.py:1323} INFO - Marking task as SUCCESS. dag_id=Airflow-GitHub, task_id=load_model_task, execution_date=20231001T033345, start_date=20231001T033359, end_date=20231001T033400
[2023-10-01T03:34:00.445+0000] {local_task_job.py:208} INFO - Task exited with return code 0
[2023-10-01T03:34:00.516+0000] {taskinstance.py:2578} INFO - 0 downstream tasks scheduled from follow-on schedule check
