[2023-09-30T15:38:13.490+0000] {taskinstance.py:1083} INFO - Dependencies all met for <TaskInstance: your_python_dag.build_save_model_task manual__2023-09-30T15:38:04.609871+00:00 [queued]>
[2023-09-30T15:38:13.503+0000] {taskinstance.py:1083} INFO - Dependencies all met for <TaskInstance: your_python_dag.build_save_model_task manual__2023-09-30T15:38:04.609871+00:00 [queued]>
[2023-09-30T15:38:13.503+0000] {taskinstance.py:1279} INFO - 
--------------------------------------------------------------------------------
[2023-09-30T15:38:13.504+0000] {taskinstance.py:1280} INFO - Starting attempt 1 of 1
[2023-09-30T15:38:13.504+0000] {taskinstance.py:1281} INFO - 
--------------------------------------------------------------------------------
[2023-09-30T15:38:13.520+0000] {taskinstance.py:1300} INFO - Executing <Task(PythonOperator): build_save_model_task> on 2023-09-30 15:38:04.609871+00:00
[2023-09-30T15:38:13.533+0000] {standard_task_runner.py:55} INFO - Started process 2691 to run task
[2023-09-30T15:38:13.537+0000] {standard_task_runner.py:82} INFO - Running: ['***', 'tasks', 'run', 'your_python_dag', 'build_save_model_task', 'manual__2023-09-30T15:38:04.609871+00:00', '--job-id', '229', '--raw', '--subdir', 'DAGS_FOLDER/***.py', '--cfg-path', '/tmp/tmpjx_h8fsz']
[2023-09-30T15:38:13.540+0000] {standard_task_runner.py:83} INFO - Job 229: Subtask build_save_model_task
[2023-09-30T15:38:13.627+0000] {task_command.py:388} INFO - Running <TaskInstance: your_python_dag.build_save_model_task manual__2023-09-30T15:38:04.609871+00:00 [running]> on host 0c0b4c63727d
[2023-09-30T15:38:13.788+0000] {taskinstance.py:1509} INFO - Exporting the following env vars:
AIRFLOW_CTX_DAG_OWNER=your_name
AIRFLOW_CTX_DAG_ID=your_python_dag
AIRFLOW_CTX_TASK_ID=build_save_model_task
AIRFLOW_CTX_EXECUTION_DATE=2023-09-30T15:38:04.609871+00:00
AIRFLOW_CTX_TRY_NUMBER=1
AIRFLOW_CTX_DAG_RUN_ID=manual__2023-09-30T15:38:04.609871+00:00
[2023-09-30T15:39:15.440+0000] {python.py:177} INFO - Done. Returned value was: None
[2023-09-30T15:39:15.490+0000] {taskinstance.py:1323} INFO - Marking task as SUCCESS. dag_id=your_python_dag, task_id=build_save_model_task, execution_date=20230930T153804, start_date=20230930T153813, end_date=20230930T153915
[2023-09-30T15:39:15.566+0000] {local_task_job.py:208} INFO - Task exited with return code 0
[2023-09-30T15:39:15.606+0000] {taskinstance.py:2578} INFO - 0 downstream tasks scheduled from follow-on schedule check
