[2023-09-19T01:32:41.059+0000] {taskinstance.py:1083} INFO - Dependencies all met for <TaskInstance: your_python_dag.load_model_task manual__2023-09-19T01:31:33.900173+00:00 [queued]>
[2023-09-19T01:32:41.104+0000] {taskinstance.py:1083} INFO - Dependencies all met for <TaskInstance: your_python_dag.load_model_task manual__2023-09-19T01:31:33.900173+00:00 [queued]>
[2023-09-19T01:32:41.105+0000] {taskinstance.py:1279} INFO - 
--------------------------------------------------------------------------------
[2023-09-19T01:32:41.107+0000] {taskinstance.py:1280} INFO - Starting attempt 1 of 1
[2023-09-19T01:32:41.109+0000] {taskinstance.py:1281} INFO - 
--------------------------------------------------------------------------------
[2023-09-19T01:32:41.176+0000] {taskinstance.py:1300} INFO - Executing <Task(PythonOperator): load_model_task> on 2023-09-19 01:31:33.900173+00:00
[2023-09-19T01:32:41.222+0000] {standard_task_runner.py:55} INFO - Started process 304 to run task
[2023-09-19T01:32:41.243+0000] {standard_task_runner.py:82} INFO - Running: ['***', 'tasks', 'run', 'your_python_dag', 'load_model_task', 'manual__2023-09-19T01:31:33.900173+00:00', '--job-id', '187', '--raw', '--subdir', 'DAGS_FOLDER/***.py', '--cfg-path', '/tmp/tmp4xeeuwqw']
[2023-09-19T01:32:41.246+0000] {standard_task_runner.py:83} INFO - Job 187: Subtask load_model_task
[2023-09-19T01:32:41.374+0000] {task_command.py:388} INFO - Running <TaskInstance: your_python_dag.load_model_task manual__2023-09-19T01:31:33.900173+00:00 [running]> on host eef19852759c
[2023-09-19T01:32:41.476+0000] {taskinstance.py:1509} INFO - Exporting the following env vars:
AIRFLOW_CTX_DAG_OWNER=your_name
AIRFLOW_CTX_DAG_ID=your_python_dag
AIRFLOW_CTX_TASK_ID=load_model_task
AIRFLOW_CTX_EXECUTION_DATE=2023-09-19T01:31:33.900173+00:00
AIRFLOW_CTX_TRY_NUMBER=1
AIRFLOW_CTX_DAG_RUN_ID=manual__2023-09-19T01:31:33.900173+00:00
[2023-09-19T01:32:41.504+0000] {warnings.py:110} WARNING - /home/***/.local/lib/python3.7/site-packages/sklearn/base.py:444: UserWarning: X has feature names, but KMeans was fitted without feature names
  f"X has feature names, but {self.__class__.__name__} was fitted without"

[2023-09-19T01:32:41.583+0000] {python.py:177} INFO - Done. Returned value was: Cluster 9 Number of clusters 8
[2023-09-19T01:32:41.659+0000] {taskinstance.py:1323} INFO - Marking task as SUCCESS. dag_id=your_python_dag, task_id=load_model_task, execution_date=20230919T013133, start_date=20230919T013241, end_date=20230919T013241
[2023-09-19T01:32:41.691+0000] {local_task_job.py:208} INFO - Task exited with return code 0
[2023-09-19T01:32:41.721+0000] {taskinstance.py:2578} INFO - 0 downstream tasks scheduled from follow-on schedule check
