[2023-09-17T20:32:11.436+0000] {taskinstance.py:1083} INFO - Dependencies all met for <TaskInstance: your_python_dag.load_data_task manual__2023-09-17T20:32:09.466142+00:00 [queued]>
[2023-09-17T20:32:11.443+0000] {taskinstance.py:1083} INFO - Dependencies all met for <TaskInstance: your_python_dag.load_data_task manual__2023-09-17T20:32:09.466142+00:00 [queued]>
[2023-09-17T20:32:11.443+0000] {taskinstance.py:1279} INFO - 
--------------------------------------------------------------------------------
[2023-09-17T20:32:11.444+0000] {taskinstance.py:1280} INFO - Starting attempt 1 of 1
[2023-09-17T20:32:11.444+0000] {taskinstance.py:1281} INFO - 
--------------------------------------------------------------------------------
[2023-09-17T20:32:11.458+0000] {taskinstance.py:1300} INFO - Executing <Task(PythonOperator): load_data_task> on 2023-09-17 20:32:09.466142+00:00
[2023-09-17T20:32:11.467+0000] {standard_task_runner.py:55} INFO - Started process 7713 to run task
[2023-09-17T20:32:11.471+0000] {standard_task_runner.py:82} INFO - Running: ['***', 'tasks', 'run', 'your_python_dag', 'load_data_task', 'manual__2023-09-17T20:32:09.466142+00:00', '--job-id', '100', '--raw', '--subdir', 'DAGS_FOLDER/***.py', '--cfg-path', '/tmp/tmpl0kw1ph8']
[2023-09-17T20:32:11.472+0000] {standard_task_runner.py:83} INFO - Job 100: Subtask load_data_task
[2023-09-17T20:32:11.533+0000] {task_command.py:388} INFO - Running <TaskInstance: your_python_dag.load_data_task manual__2023-09-17T20:32:09.466142+00:00 [running]> on host 80c059a34b8e
[2023-09-17T20:32:11.593+0000] {taskinstance.py:1509} INFO - Exporting the following env vars:
AIRFLOW_CTX_DAG_OWNER=your_name
AIRFLOW_CTX_DAG_ID=your_python_dag
AIRFLOW_CTX_TASK_ID=load_data_task
AIRFLOW_CTX_EXECUTION_DATE=2023-09-17T20:32:09.466142+00:00
AIRFLOW_CTX_TRY_NUMBER=1
AIRFLOW_CTX_DAG_RUN_ID=manual__2023-09-17T20:32:09.466142+00:00
[2023-09-17T20:32:46.059+0000] {python.py:177} INFO - Done. Returned value was: [194095943243.4237, 103833591777.31264, 79093274784.4337, 64156354024.30774, 55446852157.18275, 47636232802.30615, 41226505296.046104, 36537758325.32662, 33486183212.569458, 30737863698.858368, 28457192495.51761, 26022262625.218792, 24696095424.97993, 23768592628.60553, 22692637328.5518, 21757778488.85749, 20799851230.65324, 19854534797.535603, 18877932295.12896, 18312108965.10762, 17718939136.50378, 17163034487.08297, 16936355354.806007, 16528809376.45423, 16057446113.395397, 15685257279.706623, 15304047526.739357, 14993718586.438786, 14514183173.285494, 14287105527.353958, 14136310700.738422, 13908096769.065556, 13514575859.7971, 13394250734.417578, 12959163285.072731, 12898440254.585485, 12760400430.402527, 12174873099.01796, 12193821694.5684, 12138283872.177477, 11875848260.55941, 11898330962.55609, 11660821116.551695, 11457463078.90593, 10836284020.787941, 11178556105.110046, 10845380962.415249, 10681176166.687145, 10612386221.652084]
[2023-09-17T20:32:46.112+0000] {taskinstance.py:1323} INFO - Marking task as SUCCESS. dag_id=your_python_dag, task_id=load_data_task, execution_date=20230917T203209, start_date=20230917T203211, end_date=20230917T203246
[2023-09-17T20:32:46.161+0000] {local_task_job.py:208} INFO - Task exited with return code 0
[2023-09-17T20:32:46.201+0000] {taskinstance.py:2578} INFO - 1 downstream tasks scheduled from follow-on schedule check
