[2023-10-01T03:32:36.873+0000] {taskinstance.py:1083} INFO - Dependencies all met for <TaskInstance: Airflow-GitHub.load_model_task manual__2023-10-01T03:31:35.975703+00:00 [queued]>
[2023-10-01T03:32:36.887+0000] {taskinstance.py:1083} INFO - Dependencies all met for <TaskInstance: Airflow-GitHub.load_model_task manual__2023-10-01T03:31:35.975703+00:00 [queued]>
[2023-10-01T03:32:36.888+0000] {taskinstance.py:1279} INFO - 
--------------------------------------------------------------------------------
[2023-10-01T03:32:36.888+0000] {taskinstance.py:1280} INFO - Starting attempt 1 of 1
[2023-10-01T03:32:36.889+0000] {taskinstance.py:1281} INFO - 
--------------------------------------------------------------------------------
[2023-10-01T03:32:36.903+0000] {taskinstance.py:1300} INFO - Executing <Task(PythonOperator): load_model_task> on 2023-10-01 03:31:35.975703+00:00
[2023-10-01T03:32:36.922+0000] {standard_task_runner.py:55} INFO - Started process 2265 to run task
[2023-10-01T03:32:36.934+0000] {standard_task_runner.py:82} INFO - Running: ['***', 'tasks', 'run', 'Airflow-GitHub', 'load_model_task', 'manual__2023-10-01T03:31:35.975703+00:00', '--job-id', '308', '--raw', '--subdir', 'DAGS_FOLDER/***.py', '--cfg-path', '/tmp/tmpusq83lbv']
[2023-10-01T03:32:36.946+0000] {standard_task_runner.py:83} INFO - Job 308: Subtask load_model_task
[2023-10-01T03:32:37.045+0000] {task_command.py:388} INFO - Running <TaskInstance: Airflow-GitHub.load_model_task manual__2023-10-01T03:31:35.975703+00:00 [running]> on host 434a62d4e45a
[2023-10-01T03:32:37.173+0000] {taskinstance.py:1509} INFO - Exporting the following env vars:
AIRFLOW_CTX_DAG_OWNER=Dheeraj
AIRFLOW_CTX_DAG_ID=Airflow-GitHub
AIRFLOW_CTX_TASK_ID=load_model_task
AIRFLOW_CTX_EXECUTION_DATE=2023-10-01T03:31:35.975703+00:00
AIRFLOW_CTX_TRY_NUMBER=1
AIRFLOW_CTX_DAG_RUN_ID=manual__2023-10-01T03:31:35.975703+00:00
[2023-10-01T03:32:37.174+0000] {taskinstance.py:1768} ERROR - Task failed with exception
Traceback (most recent call last):
  File "/home/airflow/.local/lib/python3.7/site-packages/airflow/operators/python.py", line 175, in execute
    return_value = self.execute_callable()
  File "/home/airflow/.local/lib/python3.7/site-packages/airflow/operators/python.py", line 192, in execute_callable
    return self.python_callable(*self.op_args, **self.op_kwargs)
  File "/opt/airflow/dags/src/airflow_github.py", line 91, in load_model
    loaded_model = pickle.load(open(filename, 'rb'))
FileNotFoundError: [Errno 2] No such file or directory: 'model2.sav'
[2023-10-01T03:32:37.187+0000] {taskinstance.py:1323} INFO - Marking task as FAILED. dag_id=Airflow-GitHub, task_id=load_model_task, execution_date=20231001T033135, start_date=20231001T033236, end_date=20231001T033237
[2023-10-01T03:32:37.196+0000] {standard_task_runner.py:105} ERROR - Failed to execute job 308 for task load_model_task ([Errno 2] No such file or directory: 'model2.sav'; 2265)
[2023-10-01T03:32:37.236+0000] {local_task_job.py:208} INFO - Task exited with return code 1
[2023-10-01T03:32:37.259+0000] {taskinstance.py:2578} INFO - 0 downstream tasks scheduled from follow-on schedule check
