[2023-10-02T21:00:03.817+0000] {taskinstance.py:1083} INFO - Dependencies all met for <TaskInstance: Airflow-GitHub.load_model_task manual__2023-10-02T20:59:49.516642+00:00 [queued]>
[2023-10-02T21:00:03.828+0000] {taskinstance.py:1083} INFO - Dependencies all met for <TaskInstance: Airflow-GitHub.load_model_task manual__2023-10-02T20:59:49.516642+00:00 [queued]>
[2023-10-02T21:00:03.828+0000] {taskinstance.py:1279} INFO - 
--------------------------------------------------------------------------------
[2023-10-02T21:00:03.829+0000] {taskinstance.py:1280} INFO - Starting attempt 1 of 1
[2023-10-02T21:00:03.829+0000] {taskinstance.py:1281} INFO - 
--------------------------------------------------------------------------------
[2023-10-02T21:00:03.843+0000] {taskinstance.py:1300} INFO - Executing <Task(PythonOperator): load_model_task> on 2023-10-02 20:59:49.516642+00:00
[2023-10-02T21:00:03.857+0000] {standard_task_runner.py:55} INFO - Started process 663 to run task
[2023-10-02T21:00:03.862+0000] {standard_task_runner.py:82} INFO - Running: ['***', 'tasks', 'run', 'Airflow-GitHub', 'load_model_task', 'manual__2023-10-02T20:59:49.516642+00:00', '--job-id', '335', '--raw', '--subdir', 'DAGS_FOLDER/***.py', '--cfg-path', '/tmp/tmphc5dlyw0']
[2023-10-02T21:00:03.868+0000] {standard_task_runner.py:83} INFO - Job 335: Subtask load_model_task
[2023-10-02T21:00:03.970+0000] {task_command.py:388} INFO - Running <TaskInstance: Airflow-GitHub.load_model_task manual__2023-10-02T20:59:49.516642+00:00 [running]> on host 4cbd71d73a25
[2023-10-02T21:00:04.081+0000] {taskinstance.py:1509} INFO - Exporting the following env vars:
AIRFLOW_CTX_DAG_OWNER=Dheeraj
AIRFLOW_CTX_DAG_ID=Airflow-GitHub
AIRFLOW_CTX_TASK_ID=load_model_task
AIRFLOW_CTX_EXECUTION_DATE=2023-10-02T20:59:49.516642+00:00
AIRFLOW_CTX_TRY_NUMBER=1
AIRFLOW_CTX_DAG_RUN_ID=manual__2023-10-02T20:59:49.516642+00:00
[2023-10-02T21:00:04.085+0000] {logging_mixin.py:137} INFO - Model score on test data: 0.97
[2023-10-02T21:00:04.085+0000] {python.py:177} INFO - Done. Returned value was: 1
[2023-10-02T21:00:04.114+0000] {taskinstance.py:1323} INFO - Marking task as SUCCESS. dag_id=Airflow-GitHub, task_id=load_model_task, execution_date=20231002T205949, start_date=20231002T210003, end_date=20231002T210004
[2023-10-02T21:00:04.157+0000] {local_task_job.py:208} INFO - Task exited with return code 0
[2023-10-02T21:00:04.179+0000] {taskinstance.py:2578} INFO - 0 downstream tasks scheduled from follow-on schedule check
