[2023-09-17T19:53:16.951+0000] {taskinstance.py:1083} INFO - Dependencies all met for <TaskInstance: your_python_dag.load_data_task manual__2023-09-17T19:53:13.494966+00:00 [queued]>
[2023-09-17T19:53:16.973+0000] {taskinstance.py:1083} INFO - Dependencies all met for <TaskInstance: your_python_dag.load_data_task manual__2023-09-17T19:53:13.494966+00:00 [queued]>
[2023-09-17T19:53:16.973+0000] {taskinstance.py:1279} INFO - 
--------------------------------------------------------------------------------
[2023-09-17T19:53:16.974+0000] {taskinstance.py:1280} INFO - Starting attempt 1 of 1
[2023-09-17T19:53:16.974+0000] {taskinstance.py:1281} INFO - 
--------------------------------------------------------------------------------
[2023-09-17T19:53:16.989+0000] {taskinstance.py:1300} INFO - Executing <Task(PythonOperator): load_data_task> on 2023-09-17 19:53:13.494966+00:00
[2023-09-17T19:53:17.007+0000] {standard_task_runner.py:55} INFO - Started process 5542 to run task
[2023-09-17T19:53:17.015+0000] {standard_task_runner.py:82} INFO - Running: ['***', 'tasks', 'run', 'your_python_dag', 'load_data_task', 'manual__2023-09-17T19:53:13.494966+00:00', '--job-id', '70', '--raw', '--subdir', 'DAGS_FOLDER/***.py', '--cfg-path', '/tmp/tmp7a3b7j7a']
[2023-09-17T19:53:17.018+0000] {standard_task_runner.py:83} INFO - Job 70: Subtask load_data_task
[2023-09-17T19:53:17.158+0000] {task_command.py:388} INFO - Running <TaskInstance: your_python_dag.load_data_task manual__2023-09-17T19:53:13.494966+00:00 [running]> on host 80c059a34b8e
[2023-09-17T19:53:17.274+0000] {taskinstance.py:1509} INFO - Exporting the following env vars:
AIRFLOW_CTX_DAG_OWNER=your_name
AIRFLOW_CTX_DAG_ID=your_python_dag
AIRFLOW_CTX_TASK_ID=load_data_task
AIRFLOW_CTX_EXECUTION_DATE=2023-09-17T19:53:13.494966+00:00
AIRFLOW_CTX_TRY_NUMBER=1
AIRFLOW_CTX_DAG_RUN_ID=manual__2023-09-17T19:53:13.494966+00:00
[2023-09-17T19:53:17.335+0000] {logging_mixin.py:137} INFO - <class 'pandas.core.frame.DataFrame'>
[2023-09-17T19:53:17.336+0000] {python.py:177} INFO - Done. Returned value was:      CUST_ID      BALANCE  ...  PRC_FULL_PAYMENT  TENURE
0     C10001    40.900749  ...          0.000000      12
1     C10002  3202.467416  ...          0.222222      12
2     C10003  2495.148862  ...          0.000000      12
3     C10004  1666.670542  ...          0.000000      12
4     C10005   817.714335  ...          0.000000      12
...      ...          ...  ...               ...     ...
8945  C19186    28.493517  ...          0.500000       6
8946  C19187    19.183215  ...          0.000000       6
8947  C19188    23.398673  ...          0.250000       6
8948  C19189    13.457564  ...          0.250000       6
8949  C19190   372.708075  ...          0.000000       6

[8950 rows x 18 columns]
[2023-09-17T19:53:17.678+0000] {taskinstance.py:1323} INFO - Marking task as SUCCESS. dag_id=your_python_dag, task_id=load_data_task, execution_date=20230917T195313, start_date=20230917T195316, end_date=20230917T195317
[2023-09-17T19:53:17.795+0000] {local_task_job.py:208} INFO - Task exited with return code 0
[2023-09-17T19:53:17.891+0000] {taskinstance.py:2578} INFO - 1 downstream tasks scheduled from follow-on schedule check
