[2023-09-19T01:31:40.791+0000] {taskinstance.py:1083} INFO - Dependencies all met for <TaskInstance: your_python_dag.build_save_model_task manual__2023-09-19T01:31:33.900173+00:00 [queued]>
[2023-09-19T01:31:40.799+0000] {taskinstance.py:1083} INFO - Dependencies all met for <TaskInstance: your_python_dag.build_save_model_task manual__2023-09-19T01:31:33.900173+00:00 [queued]>
[2023-09-19T01:31:40.799+0000] {taskinstance.py:1279} INFO - 
--------------------------------------------------------------------------------
[2023-09-19T01:31:40.799+0000] {taskinstance.py:1280} INFO - Starting attempt 1 of 1
[2023-09-19T01:31:40.800+0000] {taskinstance.py:1281} INFO - 
--------------------------------------------------------------------------------
[2023-09-19T01:31:40.810+0000] {taskinstance.py:1300} INFO - Executing <Task(PythonOperator): build_save_model_task> on 2023-09-19 01:31:33.900173+00:00
[2023-09-19T01:31:40.825+0000] {standard_task_runner.py:55} INFO - Started process 233 to run task
[2023-09-19T01:31:40.831+0000] {standard_task_runner.py:82} INFO - Running: ['***', 'tasks', 'run', 'your_python_dag', 'build_save_model_task', 'manual__2023-09-19T01:31:33.900173+00:00', '--job-id', '186', '--raw', '--subdir', 'DAGS_FOLDER/***.py', '--cfg-path', '/tmp/tmpipkoqchh']
[2023-09-19T01:31:40.833+0000] {standard_task_runner.py:83} INFO - Job 186: Subtask build_save_model_task
[2023-09-19T01:31:40.911+0000] {task_command.py:388} INFO - Running <TaskInstance: your_python_dag.build_save_model_task manual__2023-09-19T01:31:33.900173+00:00 [running]> on host eef19852759c
[2023-09-19T01:31:41.031+0000] {taskinstance.py:1509} INFO - Exporting the following env vars:
AIRFLOW_CTX_DAG_OWNER=your_name
AIRFLOW_CTX_DAG_ID=your_python_dag
AIRFLOW_CTX_TASK_ID=build_save_model_task
AIRFLOW_CTX_EXECUTION_DATE=2023-09-19T01:31:33.900173+00:00
AIRFLOW_CTX_TRY_NUMBER=1
AIRFLOW_CTX_DAG_RUN_ID=manual__2023-09-19T01:31:33.900173+00:00
[2023-09-19T01:32:38.210+0000] {python.py:177} INFO - Done. Returned value was: [250.32804209291442, 128.89457877623198, 91.64833975738131, 72.46921532440922, 59.86140695977858, 52.06204237509105, 46.71118654804303, 41.50326475167138, 36.9282370939197, 33.98607596871964, 31.15817166791375, 28.84548003205871, 26.8744322961113, 25.999512369945652, 24.185078072393786, 22.713950061729747, 21.640087323981106, 20.7803048082255, 19.976783465801404, 19.438669340270884, 19.066399314354577, 18.44685388460457, 17.947211161985983, 16.898807424877255, 16.963181977976248, 16.582840757316486, 15.835651544091533, 15.775551490572017, 15.385507317533227, 15.020243180409238, 14.882873240965257, 14.607686984302415, 14.306186090616883, 13.891614733454833, 13.805485778871223, 13.361866184299302, 13.367890857521074, 13.073601934790837, 12.981196891357627, 13.028578398100313, 12.867008418864005, 12.61729794404631, 12.382973425034518, 12.112634671228022, 11.836539142218315, 11.57738592066553, 11.128836068114506, 11.062804545149202, 11.15817494025209]
[2023-09-19T01:32:38.323+0000] {taskinstance.py:1323} INFO - Marking task as SUCCESS. dag_id=your_python_dag, task_id=build_save_model_task, execution_date=20230919T013133, start_date=20230919T013140, end_date=20230919T013238
[2023-09-19T01:32:38.411+0000] {local_task_job.py:208} INFO - Task exited with return code 0
[2023-09-19T01:32:38.471+0000] {taskinstance.py:2578} INFO - 1 downstream tasks scheduled from follow-on schedule check
