[2023-09-17T21:16:33.028+0000] {taskinstance.py:1083} INFO - Dependencies all met for <TaskInstance: your_python_dag.data_preprocessing_task manual__2023-09-17T21:16:26.117404+00:00 [queued]>
[2023-09-17T21:16:33.039+0000] {taskinstance.py:1083} INFO - Dependencies all met for <TaskInstance: your_python_dag.data_preprocessing_task manual__2023-09-17T21:16:26.117404+00:00 [queued]>
[2023-09-17T21:16:33.040+0000] {taskinstance.py:1279} INFO - 
--------------------------------------------------------------------------------
[2023-09-17T21:16:33.040+0000] {taskinstance.py:1280} INFO - Starting attempt 1 of 1
[2023-09-17T21:16:33.040+0000] {taskinstance.py:1281} INFO - 
--------------------------------------------------------------------------------
[2023-09-17T21:16:33.050+0000] {taskinstance.py:1300} INFO - Executing <Task(PythonOperator): data_preprocessing_task> on 2023-09-17 21:16:26.117404+00:00
[2023-09-17T21:16:33.061+0000] {standard_task_runner.py:55} INFO - Started process 262 to run task
[2023-09-17T21:16:33.065+0000] {standard_task_runner.py:82} INFO - Running: ['***', 'tasks', 'run', 'your_python_dag', 'data_preprocessing_task', 'manual__2023-09-17T21:16:26.117404+00:00', '--job-id', '108', '--raw', '--subdir', 'DAGS_FOLDER/***.py', '--cfg-path', '/tmp/tmppu1mr7kc']
[2023-09-17T21:16:33.067+0000] {standard_task_runner.py:83} INFO - Job 108: Subtask data_preprocessing_task
[2023-09-17T21:16:33.140+0000] {task_command.py:388} INFO - Running <TaskInstance: your_python_dag.data_preprocessing_task manual__2023-09-17T21:16:26.117404+00:00 [running]> on host b55550b47356
[2023-09-17T21:16:33.588+0000] {taskinstance.py:1509} INFO - Exporting the following env vars:
AIRFLOW_CTX_DAG_OWNER=your_name
AIRFLOW_CTX_DAG_ID=your_python_dag
AIRFLOW_CTX_TASK_ID=data_preprocessing_task
AIRFLOW_CTX_EXECUTION_DATE=2023-09-17T21:16:26.117404+00:00
AIRFLOW_CTX_TRY_NUMBER=1
AIRFLOW_CTX_DAG_RUN_ID=manual__2023-09-17T21:16:26.117404+00:00
[2023-09-17T21:16:33.597+0000] {taskinstance.py:1768} ERROR - Task failed with exception
Traceback (most recent call last):
  File "/home/airflow/.local/lib/python3.7/site-packages/airflow/operators/python.py", line 175, in execute
    return_value = self.execute_callable()
  File "/home/airflow/.local/lib/python3.7/site-packages/airflow/operators/python.py", line 192, in execute_callable
    return self.python_callable(*self.op_args, **self.op_kwargs)
  File "/opt/airflow/dags/src/lab2.py", line 40, in data_preprocessing
    df = pickle.loads(data)
TypeError: a bytes-like object is required, not 'str'
[2023-09-17T21:16:33.621+0000] {taskinstance.py:1323} INFO - Marking task as FAILED. dag_id=your_python_dag, task_id=data_preprocessing_task, execution_date=20230917T211626, start_date=20230917T211633, end_date=20230917T211633
[2023-09-17T21:16:33.635+0000] {standard_task_runner.py:105} ERROR - Failed to execute job 108 for task data_preprocessing_task (a bytes-like object is required, not 'str'; 262)
[2023-09-17T21:16:33.683+0000] {local_task_job.py:208} INFO - Task exited with return code 1
[2023-09-17T21:16:33.710+0000] {taskinstance.py:2578} INFO - 0 downstream tasks scheduled from follow-on schedule check
