[2023-10-05T17:02:40.737+0000] {processor.py:153} INFO - Started process (PID=77) to work on /opt/airflow/dags/airflow.py
[2023-10-05T17:02:40.739+0000] {processor.py:743} INFO - Processing file /opt/airflow/dags/airflow.py for tasks to queue
[2023-10-05T17:02:40.741+0000] {logging_mixin.py:137} INFO - [2023-10-05T17:02:40.741+0000] {dagbag.py:538} INFO - Filling up the DagBag from /opt/airflow/dags/airflow.py
[2023-10-05T17:02:41.683+0000] {logging_mixin.py:137} INFO - [2023-10-05T17:02:41.683+0000] {taskmixin.py:205} WARNING - Dependency <Task(PythonOperator): load_data_task>, data_preprocessing_task already registered for DAG: Airflow-GitHub
[2023-10-05T17:02:41.684+0000] {logging_mixin.py:137} INFO - [2023-10-05T17:02:41.684+0000] {taskmixin.py:205} WARNING - Dependency <Task(PythonOperator): data_preprocessing_task>, load_data_task already registered for DAG: Airflow-GitHub
[2023-10-05T17:02:41.684+0000] {logging_mixin.py:137} INFO - [2023-10-05T17:02:41.684+0000] {taskmixin.py:205} WARNING - Dependency <Task(PythonOperator): separate_data_outputs_task>, build_save_model_task already registered for DAG: Airflow-GitHub
[2023-10-05T17:02:41.685+0000] {logging_mixin.py:137} INFO - [2023-10-05T17:02:41.685+0000] {taskmixin.py:205} WARNING - Dependency <Task(PythonOperator): build_save_model_task>, separate_data_outputs_task already registered for DAG: Airflow-GitHub
[2023-10-05T17:02:41.698+0000] {processor.py:753} INFO - DAG(s) dict_keys(['Airflow-GitHub']) retrieved from /opt/airflow/dags/airflow.py
[2023-10-05T17:02:41.752+0000] {logging_mixin.py:137} INFO - [2023-10-05T17:02:41.752+0000] {dag.py:2690} INFO - Sync 1 DAGs
[2023-10-05T17:02:41.767+0000] {logging_mixin.py:137} INFO - [2023-10-05T17:02:41.767+0000] {dag.py:3441} INFO - Setting next_dagrun for Airflow-GitHub to None, run_after=None
[2023-10-05T17:02:41.783+0000] {processor.py:175} INFO - Processing /opt/airflow/dags/airflow.py took 1.054 seconds
[2023-10-05T17:03:12.186+0000] {processor.py:153} INFO - Started process (PID=115) to work on /opt/airflow/dags/airflow.py
[2023-10-05T17:03:12.188+0000] {processor.py:743} INFO - Processing file /opt/airflow/dags/airflow.py for tasks to queue
[2023-10-05T17:03:12.189+0000] {logging_mixin.py:137} INFO - [2023-10-05T17:03:12.189+0000] {dagbag.py:538} INFO - Filling up the DagBag from /opt/airflow/dags/airflow.py
[2023-10-05T17:03:14.215+0000] {logging_mixin.py:137} INFO - [2023-10-05T17:03:14.214+0000] {taskmixin.py:205} WARNING - Dependency <Task(PythonOperator): load_data_task>, data_preprocessing_task already registered for DAG: Airflow-GitHub
[2023-10-05T17:03:14.216+0000] {logging_mixin.py:137} INFO - [2023-10-05T17:03:14.216+0000] {taskmixin.py:205} WARNING - Dependency <Task(PythonOperator): data_preprocessing_task>, load_data_task already registered for DAG: Airflow-GitHub
[2023-10-05T17:03:14.216+0000] {logging_mixin.py:137} INFO - [2023-10-05T17:03:14.216+0000] {taskmixin.py:205} WARNING - Dependency <Task(PythonOperator): separate_data_outputs_task>, build_save_model_task already registered for DAG: Airflow-GitHub
[2023-10-05T17:03:14.216+0000] {logging_mixin.py:137} INFO - [2023-10-05T17:03:14.216+0000] {taskmixin.py:205} WARNING - Dependency <Task(PythonOperator): build_save_model_task>, separate_data_outputs_task already registered for DAG: Airflow-GitHub
[2023-10-05T17:03:14.249+0000] {processor.py:753} INFO - DAG(s) dict_keys(['Airflow-GitHub']) retrieved from /opt/airflow/dags/airflow.py
[2023-10-05T17:03:14.295+0000] {logging_mixin.py:137} INFO - [2023-10-05T17:03:14.295+0000] {dag.py:2690} INFO - Sync 1 DAGs
[2023-10-05T17:03:14.314+0000] {logging_mixin.py:137} INFO - [2023-10-05T17:03:14.314+0000] {dag.py:3441} INFO - Setting next_dagrun for Airflow-GitHub to None, run_after=None
[2023-10-05T17:03:14.324+0000] {processor.py:175} INFO - Processing /opt/airflow/dags/airflow.py took 2.144 seconds
[2023-10-05T17:03:44.798+0000] {processor.py:153} INFO - Started process (PID=142) to work on /opt/airflow/dags/airflow.py
[2023-10-05T17:03:44.800+0000] {processor.py:743} INFO - Processing file /opt/airflow/dags/airflow.py for tasks to queue
[2023-10-05T17:03:44.801+0000] {logging_mixin.py:137} INFO - [2023-10-05T17:03:44.801+0000] {dagbag.py:538} INFO - Filling up the DagBag from /opt/airflow/dags/airflow.py
[2023-10-05T17:03:46.036+0000] {logging_mixin.py:137} INFO - [2023-10-05T17:03:46.036+0000] {taskmixin.py:205} WARNING - Dependency <Task(PythonOperator): load_data_task>, data_preprocessing_task already registered for DAG: Airflow-GitHub
[2023-10-05T17:03:46.036+0000] {logging_mixin.py:137} INFO - [2023-10-05T17:03:46.036+0000] {taskmixin.py:205} WARNING - Dependency <Task(PythonOperator): data_preprocessing_task>, load_data_task already registered for DAG: Airflow-GitHub
[2023-10-05T17:03:46.036+0000] {logging_mixin.py:137} INFO - [2023-10-05T17:03:46.036+0000] {taskmixin.py:205} WARNING - Dependency <Task(PythonOperator): separate_data_outputs_task>, build_save_model_task already registered for DAG: Airflow-GitHub
[2023-10-05T17:03:46.036+0000] {logging_mixin.py:137} INFO - [2023-10-05T17:03:46.036+0000] {taskmixin.py:205} WARNING - Dependency <Task(PythonOperator): build_save_model_task>, separate_data_outputs_task already registered for DAG: Airflow-GitHub
[2023-10-05T17:03:46.041+0000] {processor.py:753} INFO - DAG(s) dict_keys(['Airflow-GitHub']) retrieved from /opt/airflow/dags/airflow.py
[2023-10-05T17:03:46.064+0000] {logging_mixin.py:137} INFO - [2023-10-05T17:03:46.064+0000] {dag.py:2690} INFO - Sync 1 DAGs
[2023-10-05T17:03:46.078+0000] {logging_mixin.py:137} INFO - [2023-10-05T17:03:46.078+0000] {dag.py:3441} INFO - Setting next_dagrun for Airflow-GitHub to None, run_after=None
[2023-10-05T17:03:46.086+0000] {processor.py:175} INFO - Processing /opt/airflow/dags/airflow.py took 1.297 seconds
[2023-10-05T17:04:16.525+0000] {processor.py:153} INFO - Started process (PID=180) to work on /opt/airflow/dags/airflow.py
[2023-10-05T17:04:16.527+0000] {processor.py:743} INFO - Processing file /opt/airflow/dags/airflow.py for tasks to queue
[2023-10-05T17:04:16.529+0000] {logging_mixin.py:137} INFO - [2023-10-05T17:04:16.529+0000] {dagbag.py:538} INFO - Filling up the DagBag from /opt/airflow/dags/airflow.py
[2023-10-05T17:04:17.211+0000] {logging_mixin.py:137} INFO - [2023-10-05T17:04:17.211+0000] {taskmixin.py:205} WARNING - Dependency <Task(PythonOperator): load_data_task>, data_preprocessing_task already registered for DAG: Airflow-GitHub
[2023-10-05T17:04:17.211+0000] {logging_mixin.py:137} INFO - [2023-10-05T17:04:17.211+0000] {taskmixin.py:205} WARNING - Dependency <Task(PythonOperator): data_preprocessing_task>, load_data_task already registered for DAG: Airflow-GitHub
[2023-10-05T17:04:17.211+0000] {logging_mixin.py:137} INFO - [2023-10-05T17:04:17.211+0000] {taskmixin.py:205} WARNING - Dependency <Task(PythonOperator): separate_data_outputs_task>, build_save_model_task already registered for DAG: Airflow-GitHub
[2023-10-05T17:04:17.212+0000] {logging_mixin.py:137} INFO - [2023-10-05T17:04:17.211+0000] {taskmixin.py:205} WARNING - Dependency <Task(PythonOperator): build_save_model_task>, separate_data_outputs_task already registered for DAG: Airflow-GitHub
[2023-10-05T17:04:17.215+0000] {processor.py:753} INFO - DAG(s) dict_keys(['Airflow-GitHub']) retrieved from /opt/airflow/dags/airflow.py
[2023-10-05T17:04:17.235+0000] {logging_mixin.py:137} INFO - [2023-10-05T17:04:17.234+0000] {dag.py:2690} INFO - Sync 1 DAGs
[2023-10-05T17:04:17.260+0000] {logging_mixin.py:137} INFO - [2023-10-05T17:04:17.260+0000] {dag.py:3441} INFO - Setting next_dagrun for Airflow-GitHub to None, run_after=None
[2023-10-05T17:04:17.273+0000] {processor.py:175} INFO - Processing /opt/airflow/dags/airflow.py took 0.754 seconds
[2023-10-05T17:04:47.637+0000] {processor.py:153} INFO - Started process (PID=208) to work on /opt/airflow/dags/airflow.py
[2023-10-05T17:04:47.639+0000] {processor.py:743} INFO - Processing file /opt/airflow/dags/airflow.py for tasks to queue
[2023-10-05T17:04:47.640+0000] {logging_mixin.py:137} INFO - [2023-10-05T17:04:47.640+0000] {dagbag.py:538} INFO - Filling up the DagBag from /opt/airflow/dags/airflow.py
[2023-10-05T17:04:48.311+0000] {logging_mixin.py:137} INFO - [2023-10-05T17:04:48.310+0000] {taskmixin.py:205} WARNING - Dependency <Task(PythonOperator): load_data_task>, data_preprocessing_task already registered for DAG: Airflow-GitHub
[2023-10-05T17:04:48.311+0000] {logging_mixin.py:137} INFO - [2023-10-05T17:04:48.311+0000] {taskmixin.py:205} WARNING - Dependency <Task(PythonOperator): data_preprocessing_task>, load_data_task already registered for DAG: Airflow-GitHub
[2023-10-05T17:04:48.311+0000] {logging_mixin.py:137} INFO - [2023-10-05T17:04:48.311+0000] {taskmixin.py:205} WARNING - Dependency <Task(PythonOperator): separate_data_outputs_task>, build_save_model_task already registered for DAG: Airflow-GitHub
[2023-10-05T17:04:48.312+0000] {logging_mixin.py:137} INFO - [2023-10-05T17:04:48.311+0000] {taskmixin.py:205} WARNING - Dependency <Task(PythonOperator): build_save_model_task>, separate_data_outputs_task already registered for DAG: Airflow-GitHub
[2023-10-05T17:04:48.315+0000] {processor.py:753} INFO - DAG(s) dict_keys(['Airflow-GitHub']) retrieved from /opt/airflow/dags/airflow.py
[2023-10-05T17:04:48.336+0000] {logging_mixin.py:137} INFO - [2023-10-05T17:04:48.336+0000] {dag.py:2690} INFO - Sync 1 DAGs
[2023-10-05T17:04:48.350+0000] {logging_mixin.py:137} INFO - [2023-10-05T17:04:48.350+0000] {dag.py:3441} INFO - Setting next_dagrun for Airflow-GitHub to None, run_after=None
[2023-10-05T17:04:48.359+0000] {processor.py:175} INFO - Processing /opt/airflow/dags/airflow.py took 0.730 seconds
[2023-10-05T17:05:19.010+0000] {processor.py:153} INFO - Started process (PID=247) to work on /opt/airflow/dags/airflow.py
[2023-10-05T17:05:19.012+0000] {processor.py:743} INFO - Processing file /opt/airflow/dags/airflow.py for tasks to queue
[2023-10-05T17:05:19.014+0000] {logging_mixin.py:137} INFO - [2023-10-05T17:05:19.013+0000] {dagbag.py:538} INFO - Filling up the DagBag from /opt/airflow/dags/airflow.py
[2023-10-05T17:05:19.672+0000] {logging_mixin.py:137} INFO - [2023-10-05T17:05:19.672+0000] {taskmixin.py:205} WARNING - Dependency <Task(PythonOperator): load_data_task>, data_preprocessing_task already registered for DAG: Airflow-GitHub
[2023-10-05T17:05:19.672+0000] {logging_mixin.py:137} INFO - [2023-10-05T17:05:19.672+0000] {taskmixin.py:205} WARNING - Dependency <Task(PythonOperator): data_preprocessing_task>, load_data_task already registered for DAG: Airflow-GitHub
[2023-10-05T17:05:19.672+0000] {logging_mixin.py:137} INFO - [2023-10-05T17:05:19.672+0000] {taskmixin.py:205} WARNING - Dependency <Task(PythonOperator): separate_data_outputs_task>, build_save_model_task already registered for DAG: Airflow-GitHub
[2023-10-05T17:05:19.673+0000] {logging_mixin.py:137} INFO - [2023-10-05T17:05:19.673+0000] {taskmixin.py:205} WARNING - Dependency <Task(PythonOperator): build_save_model_task>, separate_data_outputs_task already registered for DAG: Airflow-GitHub
[2023-10-05T17:05:19.676+0000] {processor.py:753} INFO - DAG(s) dict_keys(['Airflow-GitHub']) retrieved from /opt/airflow/dags/airflow.py
[2023-10-05T17:05:19.697+0000] {logging_mixin.py:137} INFO - [2023-10-05T17:05:19.697+0000] {dag.py:2690} INFO - Sync 1 DAGs
[2023-10-05T17:05:19.711+0000] {logging_mixin.py:137} INFO - [2023-10-05T17:05:19.711+0000] {dag.py:3441} INFO - Setting next_dagrun for Airflow-GitHub to None, run_after=None
[2023-10-05T17:05:19.720+0000] {processor.py:175} INFO - Processing /opt/airflow/dags/airflow.py took 0.718 seconds
[2023-10-05T17:05:50.372+0000] {processor.py:153} INFO - Started process (PID=282) to work on /opt/airflow/dags/airflow.py
[2023-10-05T17:05:50.398+0000] {processor.py:743} INFO - Processing file /opt/airflow/dags/airflow.py for tasks to queue
[2023-10-05T17:05:50.409+0000] {logging_mixin.py:137} INFO - [2023-10-05T17:05:50.408+0000] {dagbag.py:538} INFO - Filling up the DagBag from /opt/airflow/dags/airflow.py
[2023-10-05T17:05:54.643+0000] {logging_mixin.py:137} INFO - [2023-10-05T17:05:54.643+0000] {taskmixin.py:205} WARNING - Dependency <Task(PythonOperator): load_data_task>, data_preprocessing_task already registered for DAG: Airflow-GitHub
[2023-10-05T17:05:54.644+0000] {logging_mixin.py:137} INFO - [2023-10-05T17:05:54.644+0000] {taskmixin.py:205} WARNING - Dependency <Task(PythonOperator): data_preprocessing_task>, load_data_task already registered for DAG: Airflow-GitHub
[2023-10-05T17:05:54.645+0000] {logging_mixin.py:137} INFO - [2023-10-05T17:05:54.644+0000] {taskmixin.py:205} WARNING - Dependency <Task(PythonOperator): separate_data_outputs_task>, build_save_model_task already registered for DAG: Airflow-GitHub
[2023-10-05T17:05:54.645+0000] {logging_mixin.py:137} INFO - [2023-10-05T17:05:54.645+0000] {taskmixin.py:205} WARNING - Dependency <Task(PythonOperator): build_save_model_task>, separate_data_outputs_task already registered for DAG: Airflow-GitHub
[2023-10-05T17:05:54.651+0000] {processor.py:753} INFO - DAG(s) dict_keys(['Airflow-GitHub']) retrieved from /opt/airflow/dags/airflow.py
[2023-10-05T17:05:54.707+0000] {logging_mixin.py:137} INFO - [2023-10-05T17:05:54.707+0000] {dag.py:2690} INFO - Sync 1 DAGs
[2023-10-05T17:05:54.764+0000] {logging_mixin.py:137} INFO - [2023-10-05T17:05:54.764+0000] {dag.py:3441} INFO - Setting next_dagrun for Airflow-GitHub to None, run_after=None
[2023-10-05T17:05:54.784+0000] {processor.py:175} INFO - Processing /opt/airflow/dags/airflow.py took 4.457 seconds
[2023-10-05T17:06:25.103+0000] {processor.py:153} INFO - Started process (PID=311) to work on /opt/airflow/dags/airflow.py
[2023-10-05T17:06:25.104+0000] {processor.py:743} INFO - Processing file /opt/airflow/dags/airflow.py for tasks to queue
[2023-10-05T17:06:25.106+0000] {logging_mixin.py:137} INFO - [2023-10-05T17:06:25.105+0000] {dagbag.py:538} INFO - Filling up the DagBag from /opt/airflow/dags/airflow.py
[2023-10-05T17:06:26.690+0000] {logging_mixin.py:137} INFO - [2023-10-05T17:06:26.690+0000] {taskmixin.py:205} WARNING - Dependency <Task(PythonOperator): load_data_task>, data_preprocessing_task already registered for DAG: Airflow-GitHub
[2023-10-05T17:06:26.690+0000] {logging_mixin.py:137} INFO - [2023-10-05T17:06:26.690+0000] {taskmixin.py:205} WARNING - Dependency <Task(PythonOperator): data_preprocessing_task>, load_data_task already registered for DAG: Airflow-GitHub
[2023-10-05T17:06:26.691+0000] {logging_mixin.py:137} INFO - [2023-10-05T17:06:26.691+0000] {taskmixin.py:205} WARNING - Dependency <Task(PythonOperator): separate_data_outputs_task>, build_save_model_task already registered for DAG: Airflow-GitHub
[2023-10-05T17:06:26.691+0000] {logging_mixin.py:137} INFO - [2023-10-05T17:06:26.691+0000] {taskmixin.py:205} WARNING - Dependency <Task(PythonOperator): build_save_model_task>, separate_data_outputs_task already registered for DAG: Airflow-GitHub
[2023-10-05T17:06:26.697+0000] {processor.py:753} INFO - DAG(s) dict_keys(['Airflow-GitHub']) retrieved from /opt/airflow/dags/airflow.py
[2023-10-05T17:06:26.725+0000] {logging_mixin.py:137} INFO - [2023-10-05T17:06:26.725+0000] {dag.py:2690} INFO - Sync 1 DAGs
[2023-10-05T17:06:26.745+0000] {logging_mixin.py:137} INFO - [2023-10-05T17:06:26.745+0000] {dag.py:3441} INFO - Setting next_dagrun for Airflow-GitHub to None, run_after=None
[2023-10-05T17:06:26.760+0000] {processor.py:175} INFO - Processing /opt/airflow/dags/airflow.py took 1.666 seconds
[2023-10-05T17:06:57.087+0000] {processor.py:153} INFO - Started process (PID=349) to work on /opt/airflow/dags/airflow.py
[2023-10-05T17:06:57.089+0000] {processor.py:743} INFO - Processing file /opt/airflow/dags/airflow.py for tasks to queue
[2023-10-05T17:06:57.090+0000] {logging_mixin.py:137} INFO - [2023-10-05T17:06:57.090+0000] {dagbag.py:538} INFO - Filling up the DagBag from /opt/airflow/dags/airflow.py
[2023-10-05T17:06:58.594+0000] {logging_mixin.py:137} INFO - [2023-10-05T17:06:58.591+0000] {taskmixin.py:205} WARNING - Dependency <Task(PythonOperator): load_data_task>, data_preprocessing_task already registered for DAG: Airflow-GitHub
[2023-10-05T17:06:58.595+0000] {logging_mixin.py:137} INFO - [2023-10-05T17:06:58.595+0000] {taskmixin.py:205} WARNING - Dependency <Task(PythonOperator): data_preprocessing_task>, load_data_task already registered for DAG: Airflow-GitHub
[2023-10-05T17:06:58.595+0000] {logging_mixin.py:137} INFO - [2023-10-05T17:06:58.595+0000] {taskmixin.py:205} WARNING - Dependency <Task(PythonOperator): separate_data_outputs_task>, build_save_model_task already registered for DAG: Airflow-GitHub
[2023-10-05T17:06:58.596+0000] {logging_mixin.py:137} INFO - [2023-10-05T17:06:58.596+0000] {taskmixin.py:205} WARNING - Dependency <Task(PythonOperator): build_save_model_task>, separate_data_outputs_task already registered for DAG: Airflow-GitHub
[2023-10-05T17:06:58.613+0000] {processor.py:753} INFO - DAG(s) dict_keys(['Airflow-GitHub']) retrieved from /opt/airflow/dags/airflow.py
[2023-10-05T17:06:58.734+0000] {logging_mixin.py:137} INFO - [2023-10-05T17:06:58.733+0000] {dag.py:2690} INFO - Sync 1 DAGs
[2023-10-05T17:06:58.811+0000] {logging_mixin.py:137} INFO - [2023-10-05T17:06:58.811+0000] {dag.py:3441} INFO - Setting next_dagrun for Airflow-GitHub to None, run_after=None
[2023-10-05T17:06:58.894+0000] {processor.py:175} INFO - Processing /opt/airflow/dags/airflow.py took 1.813 seconds
[2023-10-05T17:07:29.743+0000] {processor.py:153} INFO - Started process (PID=385) to work on /opt/airflow/dags/airflow.py
[2023-10-05T17:07:29.747+0000] {processor.py:743} INFO - Processing file /opt/airflow/dags/airflow.py for tasks to queue
[2023-10-05T17:07:29.749+0000] {logging_mixin.py:137} INFO - [2023-10-05T17:07:29.749+0000] {dagbag.py:538} INFO - Filling up the DagBag from /opt/airflow/dags/airflow.py
[2023-10-05T17:07:31.525+0000] {logging_mixin.py:137} INFO - [2023-10-05T17:07:31.525+0000] {taskmixin.py:205} WARNING - Dependency <Task(PythonOperator): load_data_task>, data_preprocessing_task already registered for DAG: Airflow-GitHub
[2023-10-05T17:07:31.526+0000] {logging_mixin.py:137} INFO - [2023-10-05T17:07:31.526+0000] {taskmixin.py:205} WARNING - Dependency <Task(PythonOperator): data_preprocessing_task>, load_data_task already registered for DAG: Airflow-GitHub
[2023-10-05T17:07:31.526+0000] {logging_mixin.py:137} INFO - [2023-10-05T17:07:31.526+0000] {taskmixin.py:205} WARNING - Dependency <Task(PythonOperator): separate_data_outputs_task>, build_save_model_task already registered for DAG: Airflow-GitHub
[2023-10-05T17:07:31.526+0000] {logging_mixin.py:137} INFO - [2023-10-05T17:07:31.526+0000] {taskmixin.py:205} WARNING - Dependency <Task(PythonOperator): build_save_model_task>, separate_data_outputs_task already registered for DAG: Airflow-GitHub
[2023-10-05T17:07:31.533+0000] {processor.py:753} INFO - DAG(s) dict_keys(['Airflow-GitHub']) retrieved from /opt/airflow/dags/airflow.py
[2023-10-05T17:07:31.585+0000] {logging_mixin.py:137} INFO - [2023-10-05T17:07:31.585+0000] {dag.py:2690} INFO - Sync 1 DAGs
[2023-10-05T17:07:31.604+0000] {logging_mixin.py:137} INFO - [2023-10-05T17:07:31.604+0000] {dag.py:3441} INFO - Setting next_dagrun for Airflow-GitHub to None, run_after=None
[2023-10-05T17:07:31.632+0000] {processor.py:175} INFO - Processing /opt/airflow/dags/airflow.py took 1.924 seconds
[2023-10-05T17:08:02.129+0000] {processor.py:153} INFO - Started process (PID=414) to work on /opt/airflow/dags/airflow.py
[2023-10-05T17:08:02.132+0000] {processor.py:743} INFO - Processing file /opt/airflow/dags/airflow.py for tasks to queue
[2023-10-05T17:08:02.134+0000] {logging_mixin.py:137} INFO - [2023-10-05T17:08:02.134+0000] {dagbag.py:538} INFO - Filling up the DagBag from /opt/airflow/dags/airflow.py
[2023-10-05T17:08:02.809+0000] {logging_mixin.py:137} INFO - [2023-10-05T17:08:02.809+0000] {taskmixin.py:205} WARNING - Dependency <Task(PythonOperator): load_data_task>, data_preprocessing_task already registered for DAG: Airflow-GitHub
[2023-10-05T17:08:02.809+0000] {logging_mixin.py:137} INFO - [2023-10-05T17:08:02.809+0000] {taskmixin.py:205} WARNING - Dependency <Task(PythonOperator): data_preprocessing_task>, load_data_task already registered for DAG: Airflow-GitHub
[2023-10-05T17:08:02.809+0000] {logging_mixin.py:137} INFO - [2023-10-05T17:08:02.809+0000] {taskmixin.py:205} WARNING - Dependency <Task(PythonOperator): separate_data_outputs_task>, build_save_model_task already registered for DAG: Airflow-GitHub
[2023-10-05T17:08:02.810+0000] {logging_mixin.py:137} INFO - [2023-10-05T17:08:02.810+0000] {taskmixin.py:205} WARNING - Dependency <Task(PythonOperator): build_save_model_task>, separate_data_outputs_task already registered for DAG: Airflow-GitHub
[2023-10-05T17:08:02.813+0000] {processor.py:753} INFO - DAG(s) dict_keys(['Airflow-GitHub']) retrieved from /opt/airflow/dags/airflow.py
[2023-10-05T17:08:02.835+0000] {logging_mixin.py:137} INFO - [2023-10-05T17:08:02.835+0000] {dag.py:2690} INFO - Sync 1 DAGs
[2023-10-05T17:08:02.849+0000] {logging_mixin.py:137} INFO - [2023-10-05T17:08:02.849+0000] {dag.py:3441} INFO - Setting next_dagrun for Airflow-GitHub to None, run_after=None
[2023-10-05T17:08:02.859+0000] {processor.py:175} INFO - Processing /opt/airflow/dags/airflow.py took 0.747 seconds
[2023-10-05T17:08:33.449+0000] {processor.py:153} INFO - Started process (PID=452) to work on /opt/airflow/dags/airflow.py
[2023-10-05T17:08:33.451+0000] {processor.py:743} INFO - Processing file /opt/airflow/dags/airflow.py for tasks to queue
[2023-10-05T17:08:33.452+0000] {logging_mixin.py:137} INFO - [2023-10-05T17:08:33.452+0000] {dagbag.py:538} INFO - Filling up the DagBag from /opt/airflow/dags/airflow.py
[2023-10-05T17:08:34.274+0000] {logging_mixin.py:137} INFO - [2023-10-05T17:08:34.274+0000] {taskmixin.py:205} WARNING - Dependency <Task(PythonOperator): load_data_task>, data_preprocessing_task already registered for DAG: Airflow-GitHub
[2023-10-05T17:08:34.275+0000] {logging_mixin.py:137} INFO - [2023-10-05T17:08:34.275+0000] {taskmixin.py:205} WARNING - Dependency <Task(PythonOperator): data_preprocessing_task>, load_data_task already registered for DAG: Airflow-GitHub
[2023-10-05T17:08:34.275+0000] {logging_mixin.py:137} INFO - [2023-10-05T17:08:34.275+0000] {taskmixin.py:205} WARNING - Dependency <Task(PythonOperator): separate_data_outputs_task>, build_save_model_task already registered for DAG: Airflow-GitHub
[2023-10-05T17:08:34.275+0000] {logging_mixin.py:137} INFO - [2023-10-05T17:08:34.275+0000] {taskmixin.py:205} WARNING - Dependency <Task(PythonOperator): build_save_model_task>, separate_data_outputs_task already registered for DAG: Airflow-GitHub
[2023-10-05T17:08:34.280+0000] {processor.py:753} INFO - DAG(s) dict_keys(['Airflow-GitHub']) retrieved from /opt/airflow/dags/airflow.py
[2023-10-05T17:08:34.300+0000] {logging_mixin.py:137} INFO - [2023-10-05T17:08:34.300+0000] {dag.py:2690} INFO - Sync 1 DAGs
[2023-10-05T17:08:34.315+0000] {logging_mixin.py:137} INFO - [2023-10-05T17:08:34.315+0000] {dag.py:3441} INFO - Setting next_dagrun for Airflow-GitHub to None, run_after=None
[2023-10-05T17:08:34.324+0000] {processor.py:175} INFO - Processing /opt/airflow/dags/airflow.py took 0.880 seconds
[2023-10-05T17:09:04.916+0000] {processor.py:153} INFO - Started process (PID=478) to work on /opt/airflow/dags/airflow.py
[2023-10-05T17:09:04.926+0000] {processor.py:743} INFO - Processing file /opt/airflow/dags/airflow.py for tasks to queue
[2023-10-05T17:09:04.929+0000] {logging_mixin.py:137} INFO - [2023-10-05T17:09:04.929+0000] {dagbag.py:538} INFO - Filling up the DagBag from /opt/airflow/dags/airflow.py
[2023-10-05T17:09:05.942+0000] {logging_mixin.py:137} INFO - [2023-10-05T17:09:05.942+0000] {taskmixin.py:205} WARNING - Dependency <Task(PythonOperator): load_data_task>, data_preprocessing_task already registered for DAG: Airflow-GitHub
[2023-10-05T17:09:05.943+0000] {logging_mixin.py:137} INFO - [2023-10-05T17:09:05.943+0000] {taskmixin.py:205} WARNING - Dependency <Task(PythonOperator): data_preprocessing_task>, load_data_task already registered for DAG: Airflow-GitHub
[2023-10-05T17:09:05.943+0000] {logging_mixin.py:137} INFO - [2023-10-05T17:09:05.943+0000] {taskmixin.py:205} WARNING - Dependency <Task(PythonOperator): separate_data_outputs_task>, build_save_model_task already registered for DAG: Airflow-GitHub
[2023-10-05T17:09:05.943+0000] {logging_mixin.py:137} INFO - [2023-10-05T17:09:05.943+0000] {taskmixin.py:205} WARNING - Dependency <Task(PythonOperator): build_save_model_task>, separate_data_outputs_task already registered for DAG: Airflow-GitHub
[2023-10-05T17:09:05.949+0000] {processor.py:753} INFO - DAG(s) dict_keys(['Airflow-GitHub']) retrieved from /opt/airflow/dags/airflow.py
[2023-10-05T17:09:05.982+0000] {logging_mixin.py:137} INFO - [2023-10-05T17:09:05.982+0000] {dag.py:2690} INFO - Sync 1 DAGs
[2023-10-05T17:09:05.997+0000] {logging_mixin.py:137} INFO - [2023-10-05T17:09:05.997+0000] {dag.py:3441} INFO - Setting next_dagrun for Airflow-GitHub to None, run_after=None
[2023-10-05T17:09:06.006+0000] {processor.py:175} INFO - Processing /opt/airflow/dags/airflow.py took 1.097 seconds
[2023-10-05T17:09:36.333+0000] {processor.py:153} INFO - Started process (PID=516) to work on /opt/airflow/dags/airflow.py
[2023-10-05T17:09:36.335+0000] {processor.py:743} INFO - Processing file /opt/airflow/dags/airflow.py for tasks to queue
[2023-10-05T17:09:36.337+0000] {logging_mixin.py:137} INFO - [2023-10-05T17:09:36.336+0000] {dagbag.py:538} INFO - Filling up the DagBag from /opt/airflow/dags/airflow.py
[2023-10-05T17:09:37.044+0000] {logging_mixin.py:137} INFO - [2023-10-05T17:09:37.044+0000] {taskmixin.py:205} WARNING - Dependency <Task(PythonOperator): load_data_task>, data_preprocessing_task already registered for DAG: Airflow-GitHub
[2023-10-05T17:09:37.045+0000] {logging_mixin.py:137} INFO - [2023-10-05T17:09:37.044+0000] {taskmixin.py:205} WARNING - Dependency <Task(PythonOperator): data_preprocessing_task>, load_data_task already registered for DAG: Airflow-GitHub
[2023-10-05T17:09:37.045+0000] {logging_mixin.py:137} INFO - [2023-10-05T17:09:37.045+0000] {taskmixin.py:205} WARNING - Dependency <Task(PythonOperator): separate_data_outputs_task>, build_save_model_task already registered for DAG: Airflow-GitHub
[2023-10-05T17:09:37.045+0000] {logging_mixin.py:137} INFO - [2023-10-05T17:09:37.045+0000] {taskmixin.py:205} WARNING - Dependency <Task(PythonOperator): build_save_model_task>, separate_data_outputs_task already registered for DAG: Airflow-GitHub
[2023-10-05T17:09:37.049+0000] {processor.py:753} INFO - DAG(s) dict_keys(['Airflow-GitHub']) retrieved from /opt/airflow/dags/airflow.py
[2023-10-05T17:09:37.069+0000] {logging_mixin.py:137} INFO - [2023-10-05T17:09:37.069+0000] {dag.py:2690} INFO - Sync 1 DAGs
[2023-10-05T17:09:37.085+0000] {logging_mixin.py:137} INFO - [2023-10-05T17:09:37.085+0000] {dag.py:3441} INFO - Setting next_dagrun for Airflow-GitHub to None, run_after=None
[2023-10-05T17:09:37.095+0000] {processor.py:175} INFO - Processing /opt/airflow/dags/airflow.py took 0.770 seconds
[2023-10-05T17:10:07.596+0000] {processor.py:153} INFO - Started process (PID=555) to work on /opt/airflow/dags/airflow.py
[2023-10-05T17:10:07.598+0000] {processor.py:743} INFO - Processing file /opt/airflow/dags/airflow.py for tasks to queue
[2023-10-05T17:10:07.599+0000] {logging_mixin.py:137} INFO - [2023-10-05T17:10:07.599+0000] {dagbag.py:538} INFO - Filling up the DagBag from /opt/airflow/dags/airflow.py
[2023-10-05T17:10:08.507+0000] {logging_mixin.py:137} INFO - [2023-10-05T17:10:08.507+0000] {taskmixin.py:205} WARNING - Dependency <Task(PythonOperator): load_data_task>, data_preprocessing_task already registered for DAG: Airflow-GitHub
[2023-10-05T17:10:08.510+0000] {logging_mixin.py:137} INFO - [2023-10-05T17:10:08.509+0000] {taskmixin.py:205} WARNING - Dependency <Task(PythonOperator): data_preprocessing_task>, load_data_task already registered for DAG: Airflow-GitHub
[2023-10-05T17:10:08.510+0000] {logging_mixin.py:137} INFO - [2023-10-05T17:10:08.510+0000] {taskmixin.py:205} WARNING - Dependency <Task(PythonOperator): separate_data_outputs_task>, build_save_model_task already registered for DAG: Airflow-GitHub
[2023-10-05T17:10:08.511+0000] {logging_mixin.py:137} INFO - [2023-10-05T17:10:08.511+0000] {taskmixin.py:205} WARNING - Dependency <Task(PythonOperator): build_save_model_task>, separate_data_outputs_task already registered for DAG: Airflow-GitHub
[2023-10-05T17:10:08.548+0000] {processor.py:753} INFO - DAG(s) dict_keys(['Airflow-GitHub']) retrieved from /opt/airflow/dags/airflow.py
[2023-10-05T17:10:08.706+0000] {logging_mixin.py:137} INFO - [2023-10-05T17:10:08.706+0000] {dag.py:2690} INFO - Sync 1 DAGs
[2023-10-05T17:10:08.777+0000] {logging_mixin.py:137} INFO - [2023-10-05T17:10:08.777+0000] {dag.py:3441} INFO - Setting next_dagrun for Airflow-GitHub to None, run_after=None
[2023-10-05T17:10:08.824+0000] {processor.py:175} INFO - Processing /opt/airflow/dags/airflow.py took 1.231 seconds
[2023-10-05T17:10:39.051+0000] {processor.py:153} INFO - Started process (PID=581) to work on /opt/airflow/dags/airflow.py
[2023-10-05T17:10:39.054+0000] {processor.py:743} INFO - Processing file /opt/airflow/dags/airflow.py for tasks to queue
[2023-10-05T17:10:39.055+0000] {logging_mixin.py:137} INFO - [2023-10-05T17:10:39.055+0000] {dagbag.py:538} INFO - Filling up the DagBag from /opt/airflow/dags/airflow.py
[2023-10-05T17:10:39.744+0000] {logging_mixin.py:137} INFO - [2023-10-05T17:10:39.744+0000] {taskmixin.py:205} WARNING - Dependency <Task(PythonOperator): load_data_task>, data_preprocessing_task already registered for DAG: Airflow-GitHub
[2023-10-05T17:10:39.745+0000] {logging_mixin.py:137} INFO - [2023-10-05T17:10:39.745+0000] {taskmixin.py:205} WARNING - Dependency <Task(PythonOperator): data_preprocessing_task>, load_data_task already registered for DAG: Airflow-GitHub
[2023-10-05T17:10:39.745+0000] {logging_mixin.py:137} INFO - [2023-10-05T17:10:39.745+0000] {taskmixin.py:205} WARNING - Dependency <Task(PythonOperator): separate_data_outputs_task>, build_save_model_task already registered for DAG: Airflow-GitHub
[2023-10-05T17:10:39.745+0000] {logging_mixin.py:137} INFO - [2023-10-05T17:10:39.745+0000] {taskmixin.py:205} WARNING - Dependency <Task(PythonOperator): build_save_model_task>, separate_data_outputs_task already registered for DAG: Airflow-GitHub
[2023-10-05T17:10:39.750+0000] {processor.py:753} INFO - DAG(s) dict_keys(['Airflow-GitHub']) retrieved from /opt/airflow/dags/airflow.py
[2023-10-05T17:10:39.780+0000] {logging_mixin.py:137} INFO - [2023-10-05T17:10:39.779+0000] {dag.py:2690} INFO - Sync 1 DAGs
[2023-10-05T17:10:39.795+0000] {logging_mixin.py:137} INFO - [2023-10-05T17:10:39.795+0000] {dag.py:3441} INFO - Setting next_dagrun for Airflow-GitHub to None, run_after=None
[2023-10-05T17:10:39.805+0000] {processor.py:175} INFO - Processing /opt/airflow/dags/airflow.py took 0.761 seconds
[2023-10-05T17:10:44.971+0000] {processor.py:153} INFO - Started process (PID=595) to work on /opt/airflow/dags/airflow.py
[2023-10-05T17:10:44.974+0000] {processor.py:743} INFO - Processing file /opt/airflow/dags/airflow.py for tasks to queue
[2023-10-05T17:10:44.980+0000] {logging_mixin.py:137} INFO - [2023-10-05T17:10:44.977+0000] {dagbag.py:538} INFO - Filling up the DagBag from /opt/airflow/dags/airflow.py
[2023-10-05T17:10:46.163+0000] {logging_mixin.py:137} INFO - [2023-10-05T17:10:46.162+0000] {taskmixin.py:205} WARNING - Dependency <Task(PythonOperator): load_data_task>, data_preprocessing_task already registered for DAG: Airflow-GitHub
[2023-10-05T17:10:46.164+0000] {logging_mixin.py:137} INFO - [2023-10-05T17:10:46.164+0000] {taskmixin.py:205} WARNING - Dependency <Task(PythonOperator): data_preprocessing_task>, load_data_task already registered for DAG: Airflow-GitHub
[2023-10-05T17:10:46.164+0000] {logging_mixin.py:137} INFO - [2023-10-05T17:10:46.164+0000] {taskmixin.py:205} WARNING - Dependency <Task(PythonOperator): separate_data_outputs_task>, build_save_model_task already registered for DAG: Airflow-GitHub
[2023-10-05T17:10:46.165+0000] {logging_mixin.py:137} INFO - [2023-10-05T17:10:46.165+0000] {taskmixin.py:205} WARNING - Dependency <Task(PythonOperator): build_save_model_task>, separate_data_outputs_task already registered for DAG: Airflow-GitHub
[2023-10-05T17:10:46.171+0000] {processor.py:753} INFO - DAG(s) dict_keys(['Airflow-GitHub']) retrieved from /opt/airflow/dags/airflow.py
[2023-10-05T17:10:46.220+0000] {logging_mixin.py:137} INFO - [2023-10-05T17:10:46.220+0000] {dag.py:2690} INFO - Sync 1 DAGs
[2023-10-05T17:10:46.235+0000] {logging_mixin.py:137} INFO - [2023-10-05T17:10:46.235+0000] {dag.py:3441} INFO - Setting next_dagrun for Airflow-GitHub to None, run_after=None
[2023-10-05T17:10:46.259+0000] {processor.py:175} INFO - Processing /opt/airflow/dags/airflow.py took 1.295 seconds
[2023-10-05T17:11:16.532+0000] {processor.py:153} INFO - Started process (PID=622) to work on /opt/airflow/dags/airflow.py
[2023-10-05T17:11:16.534+0000] {processor.py:743} INFO - Processing file /opt/airflow/dags/airflow.py for tasks to queue
[2023-10-05T17:11:16.535+0000] {logging_mixin.py:137} INFO - [2023-10-05T17:11:16.535+0000] {dagbag.py:538} INFO - Filling up the DagBag from /opt/airflow/dags/airflow.py
[2023-10-05T17:11:17.272+0000] {logging_mixin.py:137} INFO - [2023-10-05T17:11:17.272+0000] {taskmixin.py:205} WARNING - Dependency <Task(PythonOperator): load_data_task>, data_preprocessing_task already registered for DAG: Airflow-GitHub
[2023-10-05T17:11:17.272+0000] {logging_mixin.py:137} INFO - [2023-10-05T17:11:17.272+0000] {taskmixin.py:205} WARNING - Dependency <Task(PythonOperator): data_preprocessing_task>, load_data_task already registered for DAG: Airflow-GitHub
[2023-10-05T17:11:17.273+0000] {logging_mixin.py:137} INFO - [2023-10-05T17:11:17.273+0000] {taskmixin.py:205} WARNING - Dependency <Task(PythonOperator): separate_data_outputs_task>, build_save_model_task already registered for DAG: Airflow-GitHub
[2023-10-05T17:11:17.273+0000] {logging_mixin.py:137} INFO - [2023-10-05T17:11:17.273+0000] {taskmixin.py:205} WARNING - Dependency <Task(PythonOperator): build_save_model_task>, separate_data_outputs_task already registered for DAG: Airflow-GitHub
[2023-10-05T17:11:17.278+0000] {processor.py:753} INFO - DAG(s) dict_keys(['Airflow-GitHub']) retrieved from /opt/airflow/dags/airflow.py
[2023-10-05T17:11:17.314+0000] {logging_mixin.py:137} INFO - [2023-10-05T17:11:17.314+0000] {dag.py:2690} INFO - Sync 1 DAGs
[2023-10-05T17:11:17.331+0000] {logging_mixin.py:137} INFO - [2023-10-05T17:11:17.331+0000] {dag.py:3441} INFO - Setting next_dagrun for Airflow-GitHub to None, run_after=None
[2023-10-05T17:11:17.343+0000] {processor.py:175} INFO - Processing /opt/airflow/dags/airflow.py took 0.816 seconds
