[2023-09-17T20:11:21.838+0000] {taskinstance.py:1083} INFO - Dependencies all met for <TaskInstance: your_python_dag.load_data_task manual__2023-09-17T20:11:19.007556+00:00 [queued]>
[2023-09-17T20:11:21.850+0000] {taskinstance.py:1083} INFO - Dependencies all met for <TaskInstance: your_python_dag.load_data_task manual__2023-09-17T20:11:19.007556+00:00 [queued]>
[2023-09-17T20:11:21.850+0000] {taskinstance.py:1279} INFO - 
--------------------------------------------------------------------------------
[2023-09-17T20:11:21.850+0000] {taskinstance.py:1280} INFO - Starting attempt 1 of 1
[2023-09-17T20:11:21.850+0000] {taskinstance.py:1281} INFO - 
--------------------------------------------------------------------------------
[2023-09-17T20:11:21.861+0000] {taskinstance.py:1300} INFO - Executing <Task(PythonOperator): load_data_task> on 2023-09-17 20:11:19.007556+00:00
[2023-09-17T20:11:21.875+0000] {standard_task_runner.py:55} INFO - Started process 6619 to run task
[2023-09-17T20:11:21.880+0000] {standard_task_runner.py:82} INFO - Running: ['***', 'tasks', 'run', 'your_python_dag', 'load_data_task', 'manual__2023-09-17T20:11:19.007556+00:00', '--job-id', '88', '--raw', '--subdir', 'DAGS_FOLDER/***.py', '--cfg-path', '/tmp/tmpp3v__bvh']
[2023-09-17T20:11:21.885+0000] {standard_task_runner.py:83} INFO - Job 88: Subtask load_data_task
[2023-09-17T20:11:21.952+0000] {task_command.py:388} INFO - Running <TaskInstance: your_python_dag.load_data_task manual__2023-09-17T20:11:19.007556+00:00 [running]> on host 80c059a34b8e
[2023-09-17T20:11:22.027+0000] {taskinstance.py:1509} INFO - Exporting the following env vars:
AIRFLOW_CTX_DAG_OWNER=your_name
AIRFLOW_CTX_DAG_ID=your_python_dag
AIRFLOW_CTX_TASK_ID=load_data_task
AIRFLOW_CTX_EXECUTION_DATE=2023-09-17T20:11:19.007556+00:00
AIRFLOW_CTX_TRY_NUMBER=1
AIRFLOW_CTX_DAG_RUN_ID=manual__2023-09-17T20:11:19.007556+00:00
[2023-09-17T20:11:22.069+0000] {taskinstance.py:1768} ERROR - Task failed with exception
Traceback (most recent call last):
  File "/home/airflow/.local/lib/python3.7/site-packages/pandas/core/indexes/base.py", line 3361, in get_loc
    return self._engine.get_loc(casted_key)
  File "pandas/_libs/index.pyx", line 76, in pandas._libs.index.IndexEngine.get_loc
  File "pandas/_libs/index.pyx", line 108, in pandas._libs.index.IndexEngine.get_loc
  File "pandas/_libs/hashtable_class_helper.pxi", line 5198, in pandas._libs.hashtable.PyObjectHashTable.get_item
  File "pandas/_libs/hashtable_class_helper.pxi", line 5206, in pandas._libs.hashtable.PyObjectHashTable.get_item
KeyError: ('BALANCE', 'PURCHASES', 'CREDIT_LIMIT')

The above exception was the direct cause of the following exception:

Traceback (most recent call last):
  File "/home/airflow/.local/lib/python3.7/site-packages/airflow/operators/python.py", line 175, in execute
    return_value = self.execute_callable()
  File "/home/airflow/.local/lib/python3.7/site-packages/airflow/operators/python.py", line 192, in execute_callable
    return self.python_callable(*self.op_args, **self.op_kwargs)
  File "/opt/airflow/dags/src/lab2.py", line 24, in load_data
    clustering_data = df["BALANCE", "PURCHASES", "CREDIT_LIMIT"]
  File "/home/airflow/.local/lib/python3.7/site-packages/pandas/core/frame.py", line 3458, in __getitem__
    indexer = self.columns.get_loc(key)
  File "/home/airflow/.local/lib/python3.7/site-packages/pandas/core/indexes/base.py", line 3363, in get_loc
    raise KeyError(key) from err
KeyError: ('BALANCE', 'PURCHASES', 'CREDIT_LIMIT')
[2023-09-17T20:11:22.086+0000] {taskinstance.py:1323} INFO - Marking task as FAILED. dag_id=your_python_dag, task_id=load_data_task, execution_date=20230917T201119, start_date=20230917T201121, end_date=20230917T201122
[2023-09-17T20:11:22.096+0000] {standard_task_runner.py:105} ERROR - Failed to execute job 88 for task load_data_task (('BALANCE', 'PURCHASES', 'CREDIT_LIMIT'); 6619)
[2023-09-17T20:11:22.126+0000] {local_task_job.py:208} INFO - Task exited with return code 1
[2023-09-17T20:11:22.158+0000] {taskinstance.py:2578} INFO - 0 downstream tasks scheduled from follow-on schedule check
