[2023-09-30T16:47:44.315+0000] {taskinstance.py:1083} INFO - Dependencies all met for <TaskInstance: your_python_dag.create_github_issue_task manual__2023-09-30T16:47:41.169278+00:00 [queued]>
[2023-09-30T16:47:44.325+0000] {taskinstance.py:1083} INFO - Dependencies all met for <TaskInstance: your_python_dag.create_github_issue_task manual__2023-09-30T16:47:41.169278+00:00 [queued]>
[2023-09-30T16:47:44.326+0000] {taskinstance.py:1279} INFO - 
--------------------------------------------------------------------------------
[2023-09-30T16:47:44.326+0000] {taskinstance.py:1280} INFO - Starting attempt 1 of 1
[2023-09-30T16:47:44.326+0000] {taskinstance.py:1281} INFO - 
--------------------------------------------------------------------------------
[2023-09-30T16:47:44.338+0000] {taskinstance.py:1300} INFO - Executing <Task(PythonOperator): create_github_issue_task> on 2023-09-30 16:47:41.169278+00:00
[2023-09-30T16:47:44.360+0000] {standard_task_runner.py:55} INFO - Started process 2050 to run task
[2023-09-30T16:47:44.365+0000] {standard_task_runner.py:82} INFO - Running: ['***', 'tasks', 'run', 'your_python_dag', 'create_github_issue_task', 'manual__2023-09-30T16:47:41.169278+00:00', '--job-id', '239', '--raw', '--subdir', 'DAGS_FOLDER/***.py', '--cfg-path', '/tmp/tmplage48j1']
[2023-09-30T16:47:44.372+0000] {standard_task_runner.py:83} INFO - Job 239: Subtask create_github_issue_task
[2023-09-30T16:47:44.454+0000] {task_command.py:388} INFO - Running <TaskInstance: your_python_dag.create_github_issue_task manual__2023-09-30T16:47:41.169278+00:00 [running]> on host 48572125e3d1
[2023-09-30T16:47:44.522+0000] {taskinstance.py:1509} INFO - Exporting the following env vars:
AIRFLOW_CTX_DAG_OWNER=your_name
AIRFLOW_CTX_DAG_ID=your_python_dag
AIRFLOW_CTX_TASK_ID=create_github_issue_task
AIRFLOW_CTX_EXECUTION_DATE=2023-09-30T16:47:41.169278+00:00
AIRFLOW_CTX_TRY_NUMBER=1
AIRFLOW_CTX_DAG_RUN_ID=manual__2023-09-30T16:47:41.169278+00:00
[2023-09-30T16:47:45.775+0000] {logging_mixin.py:137} INFO - GitHub issue created successfully: https://github.com/DRAJ6/Airflow-GitHub/issues/1
[2023-09-30T16:47:45.787+0000] {python.py:177} INFO - Done. Returned value was: None
[2023-09-30T16:47:45.838+0000] {taskinstance.py:1323} INFO - Marking task as SUCCESS. dag_id=your_python_dag, task_id=create_github_issue_task, execution_date=20230930T164741, start_date=20230930T164744, end_date=20230930T164745
[2023-09-30T16:47:45.896+0000] {local_task_job.py:208} INFO - Task exited with return code 0
[2023-09-30T16:47:45.980+0000] {taskinstance.py:2578} INFO - 1 downstream tasks scheduled from follow-on schedule check
