[2023-10-01T03:36:08.186+0000] {taskinstance.py:1083} INFO - Dependencies all met for <TaskInstance: Airflow-GitHub.load_model_task manual__2023-10-01T03:35:51.140569+00:00 [queued]>
[2023-10-01T03:36:08.194+0000] {taskinstance.py:1083} INFO - Dependencies all met for <TaskInstance: Airflow-GitHub.load_model_task manual__2023-10-01T03:35:51.140569+00:00 [queued]>
[2023-10-01T03:36:08.195+0000] {taskinstance.py:1279} INFO - 
--------------------------------------------------------------------------------
[2023-10-01T03:36:08.195+0000] {taskinstance.py:1280} INFO - Starting attempt 1 of 1
[2023-10-01T03:36:08.195+0000] {taskinstance.py:1281} INFO - 
--------------------------------------------------------------------------------
[2023-10-01T03:36:08.206+0000] {taskinstance.py:1300} INFO - Executing <Task(PythonOperator): load_model_task> on 2023-10-01 03:35:51.140569+00:00
[2023-10-01T03:36:08.219+0000] {standard_task_runner.py:55} INFO - Started process 2504 to run task
[2023-10-01T03:36:08.223+0000] {standard_task_runner.py:82} INFO - Running: ['***', 'tasks', 'run', 'Airflow-GitHub', 'load_model_task', 'manual__2023-10-01T03:35:51.140569+00:00', '--job-id', '323', '--raw', '--subdir', 'DAGS_FOLDER/***.py', '--cfg-path', '/tmp/tmpb91czhp1']
[2023-10-01T03:36:08.226+0000] {standard_task_runner.py:83} INFO - Job 323: Subtask load_model_task
[2023-10-01T03:36:08.319+0000] {task_command.py:388} INFO - Running <TaskInstance: Airflow-GitHub.load_model_task manual__2023-10-01T03:35:51.140569+00:00 [running]> on host 434a62d4e45a
[2023-10-01T03:36:08.428+0000] {taskinstance.py:1509} INFO - Exporting the following env vars:
AIRFLOW_CTX_DAG_OWNER=Dheeraj
AIRFLOW_CTX_DAG_ID=Airflow-GitHub
AIRFLOW_CTX_TASK_ID=load_model_task
AIRFLOW_CTX_EXECUTION_DATE=2023-10-01T03:35:51.140569+00:00
AIRFLOW_CTX_TRY_NUMBER=1
AIRFLOW_CTX_DAG_RUN_ID=manual__2023-10-01T03:35:51.140569+00:00
[2023-10-01T03:36:08.432+0000] {logging_mixin.py:137} INFO - 0.97
[2023-10-01T03:36:08.432+0000] {python.py:177} INFO - Done. Returned value was: 1
[2023-10-01T03:36:08.459+0000] {taskinstance.py:1323} INFO - Marking task as SUCCESS. dag_id=Airflow-GitHub, task_id=load_model_task, execution_date=20231001T033551, start_date=20231001T033608, end_date=20231001T033608
[2023-10-01T03:36:08.515+0000] {local_task_job.py:208} INFO - Task exited with return code 0
[2023-10-01T03:36:08.540+0000] {taskinstance.py:2578} INFO - 0 downstream tasks scheduled from follow-on schedule check
