[2023-09-17T20:33:33.034+0000] {taskinstance.py:1083} INFO - Dependencies all met for <TaskInstance: your_python_dag.load_data_task manual__2023-09-17T20:33:31.119300+00:00 [queued]>
[2023-09-17T20:33:33.039+0000] {taskinstance.py:1083} INFO - Dependencies all met for <TaskInstance: your_python_dag.load_data_task manual__2023-09-17T20:33:31.119300+00:00 [queued]>
[2023-09-17T20:33:33.039+0000] {taskinstance.py:1279} INFO - 
--------------------------------------------------------------------------------
[2023-09-17T20:33:33.039+0000] {taskinstance.py:1280} INFO - Starting attempt 1 of 1
[2023-09-17T20:33:33.039+0000] {taskinstance.py:1281} INFO - 
--------------------------------------------------------------------------------
[2023-09-17T20:33:33.047+0000] {taskinstance.py:1300} INFO - Executing <Task(PythonOperator): load_data_task> on 2023-09-17 20:33:31.119300+00:00
[2023-09-17T20:33:33.060+0000] {standard_task_runner.py:55} INFO - Started process 7811 to run task
[2023-09-17T20:33:33.064+0000] {standard_task_runner.py:82} INFO - Running: ['***', 'tasks', 'run', 'your_python_dag', 'load_data_task', 'manual__2023-09-17T20:33:31.119300+00:00', '--job-id', '102', '--raw', '--subdir', 'DAGS_FOLDER/***.py', '--cfg-path', '/tmp/tmprgu7520z']
[2023-09-17T20:33:33.066+0000] {standard_task_runner.py:83} INFO - Job 102: Subtask load_data_task
[2023-09-17T20:33:33.133+0000] {task_command.py:388} INFO - Running <TaskInstance: your_python_dag.load_data_task manual__2023-09-17T20:33:31.119300+00:00 [running]> on host 80c059a34b8e
[2023-09-17T20:33:33.180+0000] {taskinstance.py:1509} INFO - Exporting the following env vars:
AIRFLOW_CTX_DAG_OWNER=your_name
AIRFLOW_CTX_DAG_ID=your_python_dag
AIRFLOW_CTX_TASK_ID=load_data_task
AIRFLOW_CTX_EXECUTION_DATE=2023-09-17T20:33:31.119300+00:00
AIRFLOW_CTX_TRY_NUMBER=1
AIRFLOW_CTX_DAG_RUN_ID=manual__2023-09-17T20:33:31.119300+00:00
[2023-09-17T20:34:09.537+0000] {python.py:177} INFO - Done. Returned value was: [194095943243.4237, 103833591777.31264, 79093274784.43369, 64156354024.30773, 55446852157.182755, 47636232802.30615, 41226505296.046104, 36537758325.32662, 33486183212.569458, 30737863698.858368, 28457192495.51761, 26022262625.218796, 24696095424.979927, 23768592628.60553, 22692637328.551796, 21757778488.85749, 20799851230.65324, 19854534797.535603, 18877932295.12896, 18312108965.10762, 17718939136.50378, 17163034487.082966, 16936355354.806007, 16528809376.45423, 16057446113.395397, 15685257279.706623, 15304047526.739357, 14993718586.438787, 14514183173.285492, 14287105527.353958, 14136310700.738422, 13908096769.065556, 13514575859.7971, 13394250734.417576, 12959163285.072733, 12898440254.585485, 12760400430.402527, 12174873099.01796, 12193821694.568401, 12138283872.177479, 11875848260.55941, 11898330962.55609, 11660821116.551693, 11457463078.90593, 10836284020.787941, 11178556105.110046, 10845380962.415247, 10681176166.687147, 10612386221.652084]
[2023-09-17T20:34:09.597+0000] {taskinstance.py:1323} INFO - Marking task as SUCCESS. dag_id=your_python_dag, task_id=load_data_task, execution_date=20230917T203331, start_date=20230917T203333, end_date=20230917T203409
[2023-09-17T20:34:09.660+0000] {local_task_job.py:208} INFO - Task exited with return code 0
[2023-09-17T20:34:09.684+0000] {taskinstance.py:2578} INFO - 1 downstream tasks scheduled from follow-on schedule check
