[2023-10-01T03:34:50.289+0000] {taskinstance.py:1083} INFO - Dependencies all met for <TaskInstance: Airflow-GitHub.load_model_task manual__2023-10-01T03:34:36.552358+00:00 [queued]>
[2023-10-01T03:34:50.298+0000] {taskinstance.py:1083} INFO - Dependencies all met for <TaskInstance: Airflow-GitHub.load_model_task manual__2023-10-01T03:34:36.552358+00:00 [queued]>
[2023-10-01T03:34:50.298+0000] {taskinstance.py:1279} INFO - 
--------------------------------------------------------------------------------
[2023-10-01T03:34:50.299+0000] {taskinstance.py:1280} INFO - Starting attempt 1 of 1
[2023-10-01T03:34:50.299+0000] {taskinstance.py:1281} INFO - 
--------------------------------------------------------------------------------
[2023-10-01T03:34:50.309+0000] {taskinstance.py:1300} INFO - Executing <Task(PythonOperator): load_model_task> on 2023-10-01 03:34:36.552358+00:00
[2023-10-01T03:34:50.321+0000] {standard_task_runner.py:55} INFO - Started process 2416 to run task
[2023-10-01T03:34:50.327+0000] {standard_task_runner.py:82} INFO - Running: ['***', 'tasks', 'run', 'Airflow-GitHub', 'load_model_task', 'manual__2023-10-01T03:34:36.552358+00:00', '--job-id', '318', '--raw', '--subdir', 'DAGS_FOLDER/***.py', '--cfg-path', '/tmp/tmphr0f3olp']
[2023-10-01T03:34:50.329+0000] {standard_task_runner.py:83} INFO - Job 318: Subtask load_model_task
[2023-10-01T03:34:50.404+0000] {task_command.py:388} INFO - Running <TaskInstance: Airflow-GitHub.load_model_task manual__2023-10-01T03:34:36.552358+00:00 [running]> on host 434a62d4e45a
[2023-10-01T03:34:50.513+0000] {taskinstance.py:1509} INFO - Exporting the following env vars:
AIRFLOW_CTX_DAG_OWNER=Dheeraj
AIRFLOW_CTX_DAG_ID=Airflow-GitHub
AIRFLOW_CTX_TASK_ID=load_model_task
AIRFLOW_CTX_EXECUTION_DATE=2023-10-01T03:34:36.552358+00:00
AIRFLOW_CTX_TRY_NUMBER=1
AIRFLOW_CTX_DAG_RUN_ID=manual__2023-10-01T03:34:36.552358+00:00
[2023-10-01T03:34:50.519+0000] {logging_mixin.py:137} INFO - 0.97
[2023-10-01T03:34:50.519+0000] {python.py:177} INFO - Done. Returned value was: 1
[2023-10-01T03:34:50.548+0000] {taskinstance.py:1323} INFO - Marking task as SUCCESS. dag_id=Airflow-GitHub, task_id=load_model_task, execution_date=20231001T033436, start_date=20231001T033450, end_date=20231001T033450
[2023-10-01T03:34:50.578+0000] {local_task_job.py:208} INFO - Task exited with return code 0
[2023-10-01T03:34:50.601+0000] {taskinstance.py:2578} INFO - 0 downstream tasks scheduled from follow-on schedule check
