[2023-09-30T16:48:02.009+0000] {taskinstance.py:1083} INFO - Dependencies all met for <TaskInstance: your_python_dag.build_save_model_task manual__2023-09-30T16:47:41.169278+00:00 [queued]>
[2023-09-30T16:48:02.018+0000] {taskinstance.py:1083} INFO - Dependencies all met for <TaskInstance: your_python_dag.build_save_model_task manual__2023-09-30T16:47:41.169278+00:00 [queued]>
[2023-09-30T16:48:02.018+0000] {taskinstance.py:1279} INFO - 
--------------------------------------------------------------------------------
[2023-09-30T16:48:02.018+0000] {taskinstance.py:1280} INFO - Starting attempt 1 of 1
[2023-09-30T16:48:02.019+0000] {taskinstance.py:1281} INFO - 
--------------------------------------------------------------------------------
[2023-09-30T16:48:02.031+0000] {taskinstance.py:1300} INFO - Executing <Task(PythonOperator): build_save_model_task> on 2023-09-30 16:47:41.169278+00:00
[2023-09-30T16:48:02.078+0000] {standard_task_runner.py:55} INFO - Started process 2075 to run task
[2023-09-30T16:48:02.095+0000] {standard_task_runner.py:82} INFO - Running: ['***', 'tasks', 'run', 'your_python_dag', 'build_save_model_task', 'manual__2023-09-30T16:47:41.169278+00:00', '--job-id', '243', '--raw', '--subdir', 'DAGS_FOLDER/***.py', '--cfg-path', '/tmp/tmpzf935jty']
[2023-09-30T16:48:02.100+0000] {standard_task_runner.py:83} INFO - Job 243: Subtask build_save_model_task
[2023-09-30T16:48:02.217+0000] {task_command.py:388} INFO - Running <TaskInstance: your_python_dag.build_save_model_task manual__2023-09-30T16:47:41.169278+00:00 [running]> on host 48572125e3d1
[2023-09-30T16:48:02.417+0000] {taskinstance.py:1509} INFO - Exporting the following env vars:
AIRFLOW_CTX_DAG_OWNER=your_name
AIRFLOW_CTX_DAG_ID=your_python_dag
AIRFLOW_CTX_TASK_ID=build_save_model_task
AIRFLOW_CTX_EXECUTION_DATE=2023-09-30T16:47:41.169278+00:00
AIRFLOW_CTX_TRY_NUMBER=1
AIRFLOW_CTX_DAG_RUN_ID=manual__2023-09-30T16:47:41.169278+00:00
[2023-09-30T16:49:09.359+0000] {python.py:177} INFO - Done. Returned value was: None
[2023-09-30T16:49:09.396+0000] {taskinstance.py:1323} INFO - Marking task as SUCCESS. dag_id=your_python_dag, task_id=build_save_model_task, execution_date=20230930T164741, start_date=20230930T164802, end_date=20230930T164909
[2023-09-30T16:49:09.466+0000] {local_task_job.py:208} INFO - Task exited with return code 0
[2023-09-30T16:49:09.508+0000] {taskinstance.py:2578} INFO - 1 downstream tasks scheduled from follow-on schedule check
