[2023-09-19T01:30:40.072+0000] {taskinstance.py:1083} INFO - Dependencies all met for <TaskInstance: your_python_dag.data_preprocessing_task manual__2023-09-19T01:30:34.028106+00:00 [queued]>
[2023-09-19T01:30:40.081+0000] {taskinstance.py:1083} INFO - Dependencies all met for <TaskInstance: your_python_dag.data_preprocessing_task manual__2023-09-19T01:30:34.028106+00:00 [queued]>
[2023-09-19T01:30:40.081+0000] {taskinstance.py:1279} INFO - 
--------------------------------------------------------------------------------
[2023-09-19T01:30:40.082+0000] {taskinstance.py:1280} INFO - Starting attempt 1 of 1
[2023-09-19T01:30:40.082+0000] {taskinstance.py:1281} INFO - 
--------------------------------------------------------------------------------
[2023-09-19T01:30:40.097+0000] {taskinstance.py:1300} INFO - Executing <Task(PythonOperator): data_preprocessing_task> on 2023-09-19 01:30:34.028106+00:00
[2023-09-19T01:30:40.111+0000] {standard_task_runner.py:55} INFO - Started process 164 to run task
[2023-09-19T01:30:40.117+0000] {standard_task_runner.py:82} INFO - Running: ['***', 'tasks', 'run', 'your_python_dag', 'data_preprocessing_task', 'manual__2023-09-19T01:30:34.028106+00:00', '--job-id', '183', '--raw', '--subdir', 'DAGS_FOLDER/***.py', '--cfg-path', '/tmp/tmpvy6ov6kk']
[2023-09-19T01:30:40.120+0000] {standard_task_runner.py:83} INFO - Job 183: Subtask data_preprocessing_task
[2023-09-19T01:30:40.209+0000] {task_command.py:388} INFO - Running <TaskInstance: your_python_dag.data_preprocessing_task manual__2023-09-19T01:30:34.028106+00:00 [running]> on host eef19852759c
[2023-09-19T01:30:40.509+0000] {taskinstance.py:1509} INFO - Exporting the following env vars:
AIRFLOW_CTX_DAG_OWNER=your_name
AIRFLOW_CTX_DAG_ID=your_python_dag
AIRFLOW_CTX_TASK_ID=data_preprocessing_task
AIRFLOW_CTX_EXECUTION_DATE=2023-09-19T01:30:34.028106+00:00
AIRFLOW_CTX_TRY_NUMBER=1
AIRFLOW_CTX_DAG_RUN_ID=manual__2023-09-19T01:30:34.028106+00:00
[2023-09-19T01:30:40.527+0000] {taskinstance.py:1768} ERROR - Task failed with exception
Traceback (most recent call last):
  File "/home/airflow/.local/lib/python3.7/site-packages/airflow/operators/python.py", line 175, in execute
    return_value = self.execute_callable()
  File "/home/airflow/.local/lib/python3.7/site-packages/airflow/operators/python.py", line 192, in execute_callable
    return self.python_callable(*self.op_args, **self.op_kwargs)
  File "/opt/airflow/dags/src/lab2.py", line 37, in data_preprocessing
    min_max_scaler = preprocessing.MinMaxScaler()
NameError: name 'preprocessing' is not defined
[2023-09-19T01:30:40.540+0000] {taskinstance.py:1323} INFO - Marking task as FAILED. dag_id=your_python_dag, task_id=data_preprocessing_task, execution_date=20230919T013034, start_date=20230919T013040, end_date=20230919T013040
[2023-09-19T01:30:40.554+0000] {standard_task_runner.py:105} ERROR - Failed to execute job 183 for task data_preprocessing_task (name 'preprocessing' is not defined; 164)
[2023-09-19T01:30:40.574+0000] {local_task_job.py:208} INFO - Task exited with return code 1
[2023-09-19T01:30:40.603+0000] {taskinstance.py:2578} INFO - 0 downstream tasks scheduled from follow-on schedule check
