[2023-09-17T20:12:09.555+0000] {taskinstance.py:1083} INFO - Dependencies all met for <TaskInstance: your_python_dag.load_data_task manual__2023-09-17T20:12:06.757924+00:00 [queued]>
[2023-09-17T20:12:09.566+0000] {taskinstance.py:1083} INFO - Dependencies all met for <TaskInstance: your_python_dag.load_data_task manual__2023-09-17T20:12:06.757924+00:00 [queued]>
[2023-09-17T20:12:09.567+0000] {taskinstance.py:1279} INFO - 
--------------------------------------------------------------------------------
[2023-09-17T20:12:09.567+0000] {taskinstance.py:1280} INFO - Starting attempt 1 of 1
[2023-09-17T20:12:09.567+0000] {taskinstance.py:1281} INFO - 
--------------------------------------------------------------------------------
[2023-09-17T20:12:09.579+0000] {taskinstance.py:1300} INFO - Executing <Task(PythonOperator): load_data_task> on 2023-09-17 20:12:06.757924+00:00
[2023-09-17T20:12:09.590+0000] {standard_task_runner.py:55} INFO - Started process 6669 to run task
[2023-09-17T20:12:09.597+0000] {standard_task_runner.py:82} INFO - Running: ['***', 'tasks', 'run', 'your_python_dag', 'load_data_task', 'manual__2023-09-17T20:12:06.757924+00:00', '--job-id', '89', '--raw', '--subdir', 'DAGS_FOLDER/***.py', '--cfg-path', '/tmp/tmpz7kp6v7z']
[2023-09-17T20:12:09.602+0000] {standard_task_runner.py:83} INFO - Job 89: Subtask load_data_task
[2023-09-17T20:12:09.682+0000] {task_command.py:388} INFO - Running <TaskInstance: your_python_dag.load_data_task manual__2023-09-17T20:12:06.757924+00:00 [running]> on host 80c059a34b8e
[2023-09-17T20:12:09.767+0000] {taskinstance.py:1509} INFO - Exporting the following env vars:
AIRFLOW_CTX_DAG_OWNER=your_name
AIRFLOW_CTX_DAG_ID=your_python_dag
AIRFLOW_CTX_TASK_ID=load_data_task
AIRFLOW_CTX_EXECUTION_DATE=2023-09-17T20:12:06.757924+00:00
AIRFLOW_CTX_TRY_NUMBER=1
AIRFLOW_CTX_DAG_RUN_ID=manual__2023-09-17T20:12:06.757924+00:00
[2023-09-17T20:12:09.816+0000] {python.py:177} INFO - Done. Returned value was:           BALANCE  PURCHASES  CREDIT_LIMIT
0       40.900749      95.40        1000.0
1     3202.467416       0.00        7000.0
2     2495.148862     773.17        7500.0
4      817.714335      16.00        1200.0
5     1809.828751    1333.28        1800.0
...           ...        ...           ...
8943     5.871712      20.90         500.0
8945    28.493517     291.12        1000.0
8947    23.398673     144.40        1000.0
8948    13.457564       0.00         500.0
8949   372.708075    1093.25        1200.0

[8636 rows x 3 columns]
[2023-09-17T20:12:09.883+0000] {taskinstance.py:1323} INFO - Marking task as SUCCESS. dag_id=your_python_dag, task_id=load_data_task, execution_date=20230917T201206, start_date=20230917T201209, end_date=20230917T201209
[2023-09-17T20:12:09.930+0000] {local_task_job.py:208} INFO - Task exited with return code 0
[2023-09-17T20:12:09.960+0000] {taskinstance.py:2578} INFO - 1 downstream tasks scheduled from follow-on schedule check
