[2023-09-19T02:18:22.480+0000] {taskinstance.py:1083} INFO - Dependencies all met for <TaskInstance: your_python_dag.build_save_model_task manual__2023-09-19T02:18:11.087321+00:00 [queued]>
[2023-09-19T02:18:22.491+0000] {taskinstance.py:1083} INFO - Dependencies all met for <TaskInstance: your_python_dag.build_save_model_task manual__2023-09-19T02:18:11.087321+00:00 [queued]>
[2023-09-19T02:18:22.492+0000] {taskinstance.py:1279} INFO - 
--------------------------------------------------------------------------------
[2023-09-19T02:18:22.492+0000] {taskinstance.py:1280} INFO - Starting attempt 1 of 1
[2023-09-19T02:18:22.492+0000] {taskinstance.py:1281} INFO - 
--------------------------------------------------------------------------------
[2023-09-19T02:18:22.505+0000] {taskinstance.py:1300} INFO - Executing <Task(PythonOperator): build_save_model_task> on 2023-09-19 02:18:11.087321+00:00
[2023-09-19T02:18:22.528+0000] {standard_task_runner.py:55} INFO - Started process 480 to run task
[2023-09-19T02:18:22.538+0000] {standard_task_runner.py:82} INFO - Running: ['***', 'tasks', 'run', 'your_python_dag', 'build_save_model_task', 'manual__2023-09-19T02:18:11.087321+00:00', '--job-id', '207', '--raw', '--subdir', 'DAGS_FOLDER/***.py', '--cfg-path', '/tmp/tmpeot2xacu']
[2023-09-19T02:18:22.541+0000] {standard_task_runner.py:83} INFO - Job 207: Subtask build_save_model_task
[2023-09-19T02:18:22.624+0000] {task_command.py:388} INFO - Running <TaskInstance: your_python_dag.build_save_model_task manual__2023-09-19T02:18:11.087321+00:00 [running]> on host 033122e1502e
[2023-09-19T02:18:22.754+0000] {taskinstance.py:1509} INFO - Exporting the following env vars:
AIRFLOW_CTX_DAG_OWNER=your_name
AIRFLOW_CTX_DAG_ID=your_python_dag
AIRFLOW_CTX_TASK_ID=build_save_model_task
AIRFLOW_CTX_EXECUTION_DATE=2023-09-19T02:18:11.087321+00:00
AIRFLOW_CTX_TRY_NUMBER=1
AIRFLOW_CTX_DAG_RUN_ID=manual__2023-09-19T02:18:11.087321+00:00
[2023-09-19T02:19:24.792+0000] {python.py:177} INFO - Done. Returned value was: [250.32804209291442, 128.89457877623198, 91.64833975738132, 72.46921532440922, 59.86140695977858, 52.06204237509105, 46.71118654804304, 41.50326475167138, 36.928237093919705, 33.986075968719646, 31.15817166791375, 28.84548003205871, 26.87443229611131, 25.999512369945652, 24.185078072393782, 22.71395006172975, 21.640087323981106, 20.7803048082255, 19.976783465801404, 19.438669340270884, 19.066399314354577, 18.44685388460457, 17.947211161985983, 16.89880742487726, 16.963181977976244, 16.58284075731649, 15.835651544091533, 15.775551490572013, 15.385507317533225, 15.020243180409238, 14.882873240965257, 14.607686984302415, 14.306186090616883, 13.891614733454833, 13.805485778871223, 13.361866184299304, 13.367890857521076, 13.073601934790837, 12.981196891357625, 13.028578398100311, 12.867008418864005, 12.61729794404631, 12.382973425034518, 12.112634671228022, 11.836539142218315, 11.57738592066553, 11.128836068114504, 11.062804545149202, 11.15817494025209]
[2023-09-19T02:19:24.869+0000] {taskinstance.py:1323} INFO - Marking task as SUCCESS. dag_id=your_python_dag, task_id=build_save_model_task, execution_date=20230919T021811, start_date=20230919T021822, end_date=20230919T021924
[2023-09-19T02:19:24.941+0000] {local_task_job.py:208} INFO - Task exited with return code 0
[2023-09-19T02:19:24.982+0000] {taskinstance.py:2578} INFO - 1 downstream tasks scheduled from follow-on schedule check
