[2023-09-30T17:31:15.441+0000] {taskinstance.py:1083} INFO - Dependencies all met for <TaskInstance: your_python_dag.data_preprocessing_task manual__2023-09-30T17:31:06.401145+00:00 [queued]>
[2023-09-30T17:31:15.451+0000] {taskinstance.py:1083} INFO - Dependencies all met for <TaskInstance: your_python_dag.data_preprocessing_task manual__2023-09-30T17:31:06.401145+00:00 [queued]>
[2023-09-30T17:31:15.452+0000] {taskinstance.py:1279} INFO - 
--------------------------------------------------------------------------------
[2023-09-30T17:31:15.452+0000] {taskinstance.py:1280} INFO - Starting attempt 1 of 1
[2023-09-30T17:31:15.452+0000] {taskinstance.py:1281} INFO - 
--------------------------------------------------------------------------------
[2023-09-30T17:31:15.466+0000] {taskinstance.py:1300} INFO - Executing <Task(PythonOperator): data_preprocessing_task> on 2023-09-30 17:31:06.401145+00:00
[2023-09-30T17:31:15.479+0000] {standard_task_runner.py:55} INFO - Started process 4247 to run task
[2023-09-30T17:31:15.485+0000] {standard_task_runner.py:82} INFO - Running: ['***', 'tasks', 'run', 'your_python_dag', 'data_preprocessing_task', 'manual__2023-09-30T17:31:06.401145+00:00', '--job-id', '257', '--raw', '--subdir', 'DAGS_FOLDER/***.py', '--cfg-path', '/tmp/tmpcoan1y0n']
[2023-09-30T17:31:15.488+0000] {standard_task_runner.py:83} INFO - Job 257: Subtask data_preprocessing_task
[2023-09-30T17:31:15.588+0000] {task_command.py:388} INFO - Running <TaskInstance: your_python_dag.data_preprocessing_task manual__2023-09-30T17:31:06.401145+00:00 [running]> on host 48572125e3d1
[2023-09-30T17:31:15.696+0000] {taskinstance.py:1509} INFO - Exporting the following env vars:
AIRFLOW_CTX_DAG_OWNER=your_name
AIRFLOW_CTX_DAG_ID=your_python_dag
AIRFLOW_CTX_TASK_ID=data_preprocessing_task
AIRFLOW_CTX_EXECUTION_DATE=2023-09-30T17:31:06.401145+00:00
AIRFLOW_CTX_TRY_NUMBER=1
AIRFLOW_CTX_DAG_RUN_ID=manual__2023-09-30T17:31:06.401145+00:00
[2023-09-30T17:31:16.368+0000] {logging_mixin.py:137} INFO - GitHub issue created successfully: https://github.com/DRAJ6/Airflow-GitHub/issues/10
[2023-09-30T17:31:16.369+0000] {python.py:177} INFO - Done. Returned value was: None
[2023-09-30T17:31:16.390+0000] {taskinstance.py:1323} INFO - Marking task as SUCCESS. dag_id=your_python_dag, task_id=data_preprocessing_task, execution_date=20230930T173106, start_date=20230930T173115, end_date=20230930T173116
[2023-09-30T17:31:16.461+0000] {local_task_job.py:208} INFO - Task exited with return code 0
[2023-09-30T17:31:16.501+0000] {taskinstance.py:2578} INFO - 1 downstream tasks scheduled from follow-on schedule check
