[2023-09-17T20:21:05.737+0000] {taskinstance.py:1083} INFO - Dependencies all met for <TaskInstance: your_python_dag.load_model_task manual__2023-09-17T20:19:47.897226+00:00 [queued]>
[2023-09-17T20:21:05.772+0000] {taskinstance.py:1083} INFO - Dependencies all met for <TaskInstance: your_python_dag.load_model_task manual__2023-09-17T20:19:47.897226+00:00 [queued]>
[2023-09-17T20:21:05.773+0000] {taskinstance.py:1279} INFO - 
--------------------------------------------------------------------------------
[2023-09-17T20:21:05.773+0000] {taskinstance.py:1280} INFO - Starting attempt 1 of 1
[2023-09-17T20:21:05.774+0000] {taskinstance.py:1281} INFO - 
--------------------------------------------------------------------------------
[2023-09-17T20:21:05.799+0000] {taskinstance.py:1300} INFO - Executing <Task(PythonOperator): load_model_task> on 2023-09-17 20:19:47.897226+00:00
[2023-09-17T20:21:05.836+0000] {standard_task_runner.py:55} INFO - Started process 7200 to run task
[2023-09-17T20:21:05.905+0000] {standard_task_runner.py:82} INFO - Running: ['***', 'tasks', 'run', 'your_python_dag', 'load_model_task', 'manual__2023-09-17T20:19:47.897226+00:00', '--job-id', '92', '--raw', '--subdir', 'DAGS_FOLDER/***.py', '--cfg-path', '/tmp/tmpntapfnr3']
[2023-09-17T20:21:05.946+0000] {standard_task_runner.py:83} INFO - Job 92: Subtask load_model_task
[2023-09-17T20:21:06.442+0000] {task_command.py:388} INFO - Running <TaskInstance: your_python_dag.load_model_task manual__2023-09-17T20:19:47.897226+00:00 [running]> on host 80c059a34b8e
[2023-09-17T20:21:06.949+0000] {taskinstance.py:1509} INFO - Exporting the following env vars:
AIRFLOW_CTX_DAG_OWNER=your_name
AIRFLOW_CTX_DAG_ID=your_python_dag
AIRFLOW_CTX_TASK_ID=load_model_task
AIRFLOW_CTX_EXECUTION_DATE=2023-09-17T20:19:47.897226+00:00
AIRFLOW_CTX_TRY_NUMBER=1
AIRFLOW_CTX_DAG_RUN_ID=manual__2023-09-17T20:19:47.897226+00:00
[2023-09-17T20:21:06.989+0000] {python.py:177} INFO - Done. Returned value was: KMeans(init='random', n_clusters=49, random_state=42)
[2023-09-17T20:21:07.293+0000] {taskinstance.py:1323} INFO - Marking task as SUCCESS. dag_id=your_python_dag, task_id=load_model_task, execution_date=20230917T201947, start_date=20230917T202105, end_date=20230917T202107
[2023-09-17T20:21:07.555+0000] {local_task_job.py:208} INFO - Task exited with return code 0
[2023-09-17T20:21:07.937+0000] {taskinstance.py:2578} INFO - 1 downstream tasks scheduled from follow-on schedule check
