[2023-09-19T02:25:37.455+0000] {taskinstance.py:1083} INFO - Dependencies all met for <TaskInstance: your_python_dag.load_model_task manual__2023-09-19T02:24:27.232128+00:00 [queued]>
[2023-09-19T02:25:37.463+0000] {taskinstance.py:1083} INFO - Dependencies all met for <TaskInstance: your_python_dag.load_model_task manual__2023-09-19T02:24:27.232128+00:00 [queued]>
[2023-09-19T02:25:37.463+0000] {taskinstance.py:1279} INFO - 
--------------------------------------------------------------------------------
[2023-09-19T02:25:37.464+0000] {taskinstance.py:1280} INFO - Starting attempt 1 of 1
[2023-09-19T02:25:37.464+0000] {taskinstance.py:1281} INFO - 
--------------------------------------------------------------------------------
[2023-09-19T02:25:37.475+0000] {taskinstance.py:1300} INFO - Executing <Task(PythonOperator): load_model_task> on 2023-09-19 02:24:27.232128+00:00
[2023-09-19T02:25:37.491+0000] {standard_task_runner.py:55} INFO - Started process 934 to run task
[2023-09-19T02:25:37.496+0000] {standard_task_runner.py:82} INFO - Running: ['***', 'tasks', 'run', 'your_python_dag', 'load_model_task', 'manual__2023-09-19T02:24:27.232128+00:00', '--job-id', '212', '--raw', '--subdir', 'DAGS_FOLDER/***.py', '--cfg-path', '/tmp/tmpjd605rl1']
[2023-09-19T02:25:37.499+0000] {standard_task_runner.py:83} INFO - Job 212: Subtask load_model_task
[2023-09-19T02:25:37.588+0000] {task_command.py:388} INFO - Running <TaskInstance: your_python_dag.load_model_task manual__2023-09-19T02:24:27.232128+00:00 [running]> on host 033122e1502e
[2023-09-19T02:25:37.692+0000] {taskinstance.py:1509} INFO - Exporting the following env vars:
AIRFLOW_CTX_DAG_OWNER=your_name
AIRFLOW_CTX_DAG_ID=your_python_dag
AIRFLOW_CTX_TASK_ID=load_model_task
AIRFLOW_CTX_EXECUTION_DATE=2023-09-19T02:24:27.232128+00:00
AIRFLOW_CTX_TRY_NUMBER=1
AIRFLOW_CTX_DAG_RUN_ID=manual__2023-09-19T02:24:27.232128+00:00
[2023-09-19T02:25:37.705+0000] {warnings.py:110} WARNING - /home/***/.local/lib/python3.7/site-packages/sklearn/base.py:444: UserWarning: X has feature names, but KMeans was fitted without feature names
  f"X has feature names, but {self.__class__.__name__} was fitted without"

[2023-09-19T02:25:37.795+0000] {python.py:177} INFO - Done. Returned value was: Cluster 14
[2023-09-19T02:25:37.855+0000] {taskinstance.py:1323} INFO - Marking task as SUCCESS. dag_id=your_python_dag, task_id=load_model_task, execution_date=20230919T022427, start_date=20230919T022537, end_date=20230919T022537
[2023-09-19T02:25:37.912+0000] {local_task_job.py:208} INFO - Task exited with return code 0
[2023-09-19T02:25:37.943+0000] {taskinstance.py:2578} INFO - 0 downstream tasks scheduled from follow-on schedule check
