[2023-09-30T17:37:18.059+0000] {taskinstance.py:1083} INFO - Dependencies all met for <TaskInstance: your_python_dag.build_save_model_task manual__2023-09-30T17:37:04.945748+00:00 [queued]>
[2023-09-30T17:37:18.068+0000] {taskinstance.py:1083} INFO - Dependencies all met for <TaskInstance: your_python_dag.build_save_model_task manual__2023-09-30T17:37:04.945748+00:00 [queued]>
[2023-09-30T17:37:18.068+0000] {taskinstance.py:1279} INFO - 
--------------------------------------------------------------------------------
[2023-09-30T17:37:18.069+0000] {taskinstance.py:1280} INFO - Starting attempt 1 of 1
[2023-09-30T17:37:18.069+0000] {taskinstance.py:1281} INFO - 
--------------------------------------------------------------------------------
[2023-09-30T17:37:18.082+0000] {taskinstance.py:1300} INFO - Executing <Task(PythonOperator): build_save_model_task> on 2023-09-30 17:37:04.945748+00:00
[2023-09-30T17:37:18.101+0000] {standard_task_runner.py:55} INFO - Started process 4619 to run task
[2023-09-30T17:37:18.108+0000] {standard_task_runner.py:82} INFO - Running: ['***', 'tasks', 'run', 'your_python_dag', 'build_save_model_task', 'manual__2023-09-30T17:37:04.945748+00:00', '--job-id', '263', '--raw', '--subdir', 'DAGS_FOLDER/***.py', '--cfg-path', '/tmp/tmpyq9fgp1s']
[2023-09-30T17:37:18.111+0000] {standard_task_runner.py:83} INFO - Job 263: Subtask build_save_model_task
[2023-09-30T17:37:18.186+0000] {task_command.py:388} INFO - Running <TaskInstance: your_python_dag.build_save_model_task manual__2023-09-30T17:37:04.945748+00:00 [running]> on host 48572125e3d1
[2023-09-30T17:37:18.282+0000] {taskinstance.py:1509} INFO - Exporting the following env vars:
AIRFLOW_CTX_DAG_OWNER=your_name
AIRFLOW_CTX_DAG_ID=your_python_dag
AIRFLOW_CTX_TASK_ID=build_save_model_task
AIRFLOW_CTX_EXECUTION_DATE=2023-09-30T17:37:04.945748+00:00
AIRFLOW_CTX_TRY_NUMBER=1
AIRFLOW_CTX_DAG_RUN_ID=manual__2023-09-30T17:37:04.945748+00:00
[2023-09-30T17:37:19.319+0000] {logging_mixin.py:137} INFO - GitHub issue logged: https://github.com/DRAJ6/Airflow-GitHub/issues/14
[2023-09-30T17:37:19.321+0000] {python.py:177} INFO - Done. Returned value was: None
[2023-09-30T17:37:19.344+0000] {taskinstance.py:1323} INFO - Marking task as SUCCESS. dag_id=your_python_dag, task_id=build_save_model_task, execution_date=20230930T173704, start_date=20230930T173718, end_date=20230930T173719
[2023-09-30T17:37:19.413+0000] {local_task_job.py:208} INFO - Task exited with return code 0
[2023-09-30T17:37:19.441+0000] {taskinstance.py:2578} INFO - 1 downstream tasks scheduled from follow-on schedule check
