[2023-09-17T20:34:11.692+0000] {taskinstance.py:1083} INFO - Dependencies all met for <TaskInstance: your_python_dag.load_model_task manual__2023-09-17T20:33:31.119300+00:00 [queued]>
[2023-09-17T20:34:11.713+0000] {taskinstance.py:1083} INFO - Dependencies all met for <TaskInstance: your_python_dag.load_model_task manual__2023-09-17T20:33:31.119300+00:00 [queued]>
[2023-09-17T20:34:11.713+0000] {taskinstance.py:1279} INFO - 
--------------------------------------------------------------------------------
[2023-09-17T20:34:11.713+0000] {taskinstance.py:1280} INFO - Starting attempt 1 of 1
[2023-09-17T20:34:11.714+0000] {taskinstance.py:1281} INFO - 
--------------------------------------------------------------------------------
[2023-09-17T20:34:11.723+0000] {taskinstance.py:1300} INFO - Executing <Task(PythonOperator): load_model_task> on 2023-09-17 20:33:31.119300+00:00
[2023-09-17T20:34:11.732+0000] {standard_task_runner.py:55} INFO - Started process 7869 to run task
[2023-09-17T20:34:11.737+0000] {standard_task_runner.py:82} INFO - Running: ['***', 'tasks', 'run', 'your_python_dag', 'load_model_task', 'manual__2023-09-17T20:33:31.119300+00:00', '--job-id', '103', '--raw', '--subdir', 'DAGS_FOLDER/***.py', '--cfg-path', '/tmp/tmp6gwzxbke']
[2023-09-17T20:34:11.744+0000] {standard_task_runner.py:83} INFO - Job 103: Subtask load_model_task
[2023-09-17T20:34:11.862+0000] {task_command.py:388} INFO - Running <TaskInstance: your_python_dag.load_model_task manual__2023-09-17T20:33:31.119300+00:00 [running]> on host 80c059a34b8e
[2023-09-17T20:34:11.949+0000] {taskinstance.py:1509} INFO - Exporting the following env vars:
AIRFLOW_CTX_DAG_OWNER=your_name
AIRFLOW_CTX_DAG_ID=your_python_dag
AIRFLOW_CTX_TASK_ID=load_model_task
AIRFLOW_CTX_EXECUTION_DATE=2023-09-17T20:33:31.119300+00:00
AIRFLOW_CTX_TRY_NUMBER=1
AIRFLOW_CTX_DAG_RUN_ID=manual__2023-09-17T20:33:31.119300+00:00
[2023-09-17T20:34:12.062+0000] {python.py:177} INFO - Done. Returned value was: [40]
[2023-09-17T20:34:12.104+0000] {taskinstance.py:1323} INFO - Marking task as SUCCESS. dag_id=your_python_dag, task_id=load_model_task, execution_date=20230917T203331, start_date=20230917T203411, end_date=20230917T203412
[2023-09-17T20:34:12.167+0000] {local_task_job.py:208} INFO - Task exited with return code 0
[2023-09-17T20:34:12.194+0000] {taskinstance.py:2578} INFO - 0 downstream tasks scheduled from follow-on schedule check
