[2023-09-18T00:02:59.155+0000] {taskinstance.py:1083} INFO - Dependencies all met for <TaskInstance: your_python_dag.load_model_task manual__2023-09-18T00:01:48.281261+00:00 [queued]>
[2023-09-18T00:02:59.171+0000] {taskinstance.py:1083} INFO - Dependencies all met for <TaskInstance: your_python_dag.load_model_task manual__2023-09-18T00:01:48.281261+00:00 [queued]>
[2023-09-18T00:02:59.172+0000] {taskinstance.py:1279} INFO - 
--------------------------------------------------------------------------------
[2023-09-18T00:02:59.172+0000] {taskinstance.py:1280} INFO - Starting attempt 1 of 1
[2023-09-18T00:02:59.172+0000] {taskinstance.py:1281} INFO - 
--------------------------------------------------------------------------------
[2023-09-18T00:02:59.197+0000] {taskinstance.py:1300} INFO - Executing <Task(PythonOperator): load_model_task> on 2023-09-18 00:01:48.281261+00:00
[2023-09-18T00:02:59.214+0000] {standard_task_runner.py:55} INFO - Started process 7273 to run task
[2023-09-18T00:02:59.228+0000] {standard_task_runner.py:82} INFO - Running: ['***', 'tasks', 'run', 'your_python_dag', 'load_model_task', 'manual__2023-09-18T00:01:48.281261+00:00', '--job-id', '152', '--raw', '--subdir', 'DAGS_FOLDER/***.py', '--cfg-path', '/tmp/tmpi9m8owc3']
[2023-09-18T00:02:59.232+0000] {standard_task_runner.py:83} INFO - Job 152: Subtask load_model_task
[2023-09-18T00:02:59.357+0000] {task_command.py:388} INFO - Running <TaskInstance: your_python_dag.load_model_task manual__2023-09-18T00:01:48.281261+00:00 [running]> on host b55550b47356
[2023-09-18T00:02:59.488+0000] {taskinstance.py:1509} INFO - Exporting the following env vars:
AIRFLOW_CTX_DAG_OWNER=your_name
AIRFLOW_CTX_DAG_ID=your_python_dag
AIRFLOW_CTX_TASK_ID=load_model_task
AIRFLOW_CTX_EXECUTION_DATE=2023-09-18T00:01:48.281261+00:00
AIRFLOW_CTX_TRY_NUMBER=1
AIRFLOW_CTX_DAG_RUN_ID=manual__2023-09-18T00:01:48.281261+00:00
[2023-09-18T00:02:59.603+0000] {python.py:177} INFO - Done. Returned value was: Cluster 40 Number of clusters 8
[2023-09-18T00:02:59.661+0000] {taskinstance.py:1323} INFO - Marking task as SUCCESS. dag_id=your_python_dag, task_id=load_model_task, execution_date=20230918T000148, start_date=20230918T000259, end_date=20230918T000259
[2023-09-18T00:02:59.720+0000] {local_task_job.py:208} INFO - Task exited with return code 0
[2023-09-18T00:02:59.749+0000] {taskinstance.py:2578} INFO - 0 downstream tasks scheduled from follow-on schedule check
