[2023-10-05T17:03:40.757+0000] {taskinstance.py:1083} INFO - Dependencies all met for <TaskInstance: Airflow-GitHub.load_model_task manual__2023-10-05T17:03:25.432209+00:00 [queued]>
[2023-10-05T17:03:40.763+0000] {taskinstance.py:1083} INFO - Dependencies all met for <TaskInstance: Airflow-GitHub.load_model_task manual__2023-10-05T17:03:25.432209+00:00 [queued]>
[2023-10-05T17:03:40.764+0000] {taskinstance.py:1279} INFO - 
--------------------------------------------------------------------------------
[2023-10-05T17:03:40.764+0000] {taskinstance.py:1280} INFO - Starting attempt 1 of 1
[2023-10-05T17:03:40.764+0000] {taskinstance.py:1281} INFO - 
--------------------------------------------------------------------------------
[2023-10-05T17:03:40.773+0000] {taskinstance.py:1300} INFO - Executing <Task(PythonOperator): load_model_task> on 2023-10-05 17:03:25.432209+00:00
[2023-10-05T17:03:40.789+0000] {standard_task_runner.py:55} INFO - Started process 171 to run task
[2023-10-05T17:03:40.792+0000] {standard_task_runner.py:82} INFO - Running: ['***', 'tasks', 'run', 'Airflow-GitHub', 'load_model_task', 'manual__2023-10-05T17:03:25.432209+00:00', '--job-id', '352', '--raw', '--subdir', 'DAGS_FOLDER/***.py', '--cfg-path', '/tmp/tmp9hx31x2f']
[2023-10-05T17:03:40.793+0000] {standard_task_runner.py:83} INFO - Job 352: Subtask load_model_task
[2023-10-05T17:03:40.870+0000] {task_command.py:388} INFO - Running <TaskInstance: Airflow-GitHub.load_model_task manual__2023-10-05T17:03:25.432209+00:00 [running]> on host 38f4e1e9bdb5
[2023-10-05T17:03:40.953+0000] {taskinstance.py:1509} INFO - Exporting the following env vars:
AIRFLOW_CTX_DAG_OWNER=Dheeraj
AIRFLOW_CTX_DAG_ID=Airflow-GitHub
AIRFLOW_CTX_TASK_ID=load_model_task
AIRFLOW_CTX_EXECUTION_DATE=2023-10-05T17:03:25.432209+00:00
AIRFLOW_CTX_TRY_NUMBER=1
AIRFLOW_CTX_DAG_RUN_ID=manual__2023-10-05T17:03:25.432209+00:00
[2023-10-05T17:03:40.957+0000] {logging_mixin.py:137} INFO - Model score on test data: 0.97
[2023-10-05T17:03:40.958+0000] {python.py:177} INFO - Done. Returned value was: 1
[2023-10-05T17:03:40.988+0000] {taskinstance.py:1323} INFO - Marking task as SUCCESS. dag_id=Airflow-GitHub, task_id=load_model_task, execution_date=20231005T170325, start_date=20231005T170340, end_date=20231005T170340
[2023-10-05T17:03:41.045+0000] {local_task_job.py:208} INFO - Task exited with return code 0
[2023-10-05T17:03:41.069+0000] {taskinstance.py:2578} INFO - 0 downstream tasks scheduled from follow-on schedule check
