[2023-10-01T03:36:00.868+0000] {taskinstance.py:1083} INFO - Dependencies all met for <TaskInstance: Airflow-GitHub.build_save_model_task manual__2023-10-01T03:35:51.140569+00:00 [queued]>
[2023-10-01T03:36:00.877+0000] {taskinstance.py:1083} INFO - Dependencies all met for <TaskInstance: Airflow-GitHub.build_save_model_task manual__2023-10-01T03:35:51.140569+00:00 [queued]>
[2023-10-01T03:36:00.878+0000] {taskinstance.py:1279} INFO - 
--------------------------------------------------------------------------------
[2023-10-01T03:36:00.878+0000] {taskinstance.py:1280} INFO - Starting attempt 1 of 1
[2023-10-01T03:36:00.878+0000] {taskinstance.py:1281} INFO - 
--------------------------------------------------------------------------------
[2023-10-01T03:36:00.892+0000] {taskinstance.py:1300} INFO - Executing <Task(PythonOperator): build_save_model_task> on 2023-10-01 03:35:51.140569+00:00
[2023-10-01T03:36:00.901+0000] {standard_task_runner.py:55} INFO - Started process 2501 to run task
[2023-10-01T03:36:00.907+0000] {standard_task_runner.py:82} INFO - Running: ['***', 'tasks', 'run', 'Airflow-GitHub', 'build_save_model_task', 'manual__2023-10-01T03:35:51.140569+00:00', '--job-id', '322', '--raw', '--subdir', 'DAGS_FOLDER/***.py', '--cfg-path', '/tmp/tmppcigf2bz']
[2023-10-01T03:36:00.909+0000] {standard_task_runner.py:83} INFO - Job 322: Subtask build_save_model_task
[2023-10-01T03:36:01.005+0000] {task_command.py:388} INFO - Running <TaskInstance: Airflow-GitHub.build_save_model_task manual__2023-10-01T03:35:51.140569+00:00 [running]> on host 434a62d4e45a
[2023-10-01T03:36:01.144+0000] {taskinstance.py:1509} INFO - Exporting the following env vars:
AIRFLOW_CTX_DAG_OWNER=Dheeraj
AIRFLOW_CTX_DAG_ID=Airflow-GitHub
AIRFLOW_CTX_TASK_ID=build_save_model_task
AIRFLOW_CTX_EXECUTION_DATE=2023-10-01T03:35:51.140569+00:00
AIRFLOW_CTX_TRY_NUMBER=1
AIRFLOW_CTX_DAG_RUN_ID=manual__2023-10-01T03:35:51.140569+00:00
[2023-10-01T03:36:01.382+0000] {warnings.py:110} WARNING - /home/***/.local/lib/python3.7/site-packages/joblib/parallel.py:1333: UserWarning: Loky-backed parallel loops cannot be called in a multiprocessing, setting n_jobs=1
  **self._backend_args)

[2023-10-01T03:36:01.383+0000] {logging_mixin.py:137} INFO - Fitting 10 folds for each of 64 candidates, totalling 640 fits
[2023-10-01T03:36:05.344+0000] {logging_mixin.py:137} INFO - Best parameters: {'C': 0.6, 'class_weight': {1: 0.5, 0: 0.5}, 'penalty': 'l2', 'solver': 'saga'}
[2023-10-01T03:36:05.355+0000] {python.py:177} INFO - Done. Returned value was: None
[2023-10-01T03:36:05.380+0000] {taskinstance.py:1323} INFO - Marking task as SUCCESS. dag_id=Airflow-GitHub, task_id=build_save_model_task, execution_date=20231001T033551, start_date=20231001T033600, end_date=20231001T033605
[2023-10-01T03:36:05.474+0000] {local_task_job.py:208} INFO - Task exited with return code 0
[2023-10-01T03:36:05.536+0000] {taskinstance.py:2578} INFO - 1 downstream tasks scheduled from follow-on schedule check
