[2023-09-18T00:21:12.550+0000] {taskinstance.py:1083} INFO - Dependencies all met for <TaskInstance: your_python_dag.build_save_model_task manual__2023-09-18T00:21:02.720491+00:00 [queued]>
[2023-09-18T00:21:12.559+0000] {taskinstance.py:1083} INFO - Dependencies all met for <TaskInstance: your_python_dag.build_save_model_task manual__2023-09-18T00:21:02.720491+00:00 [queued]>
[2023-09-18T00:21:12.559+0000] {taskinstance.py:1279} INFO - 
--------------------------------------------------------------------------------
[2023-09-18T00:21:12.559+0000] {taskinstance.py:1280} INFO - Starting attempt 1 of 1
[2023-09-18T00:21:12.560+0000] {taskinstance.py:1281} INFO - 
--------------------------------------------------------------------------------
[2023-09-18T00:21:12.571+0000] {taskinstance.py:1300} INFO - Executing <Task(PythonOperator): build_save_model_task> on 2023-09-18 00:21:02.720491+00:00
[2023-09-18T00:21:12.585+0000] {standard_task_runner.py:55} INFO - Started process 8413 to run task
[2023-09-18T00:21:12.590+0000] {standard_task_runner.py:82} INFO - Running: ['***', 'tasks', 'run', 'your_python_dag', 'build_save_model_task', 'manual__2023-09-18T00:21:02.720491+00:00', '--job-id', '167', '--raw', '--subdir', 'DAGS_FOLDER/***.py', '--cfg-path', '/tmp/tmpcmuucwk6']
[2023-09-18T00:21:12.592+0000] {standard_task_runner.py:83} INFO - Job 167: Subtask build_save_model_task
[2023-09-18T00:21:12.678+0000] {task_command.py:388} INFO - Running <TaskInstance: your_python_dag.build_save_model_task manual__2023-09-18T00:21:02.720491+00:00 [running]> on host b55550b47356
[2023-09-18T00:21:12.813+0000] {taskinstance.py:1509} INFO - Exporting the following env vars:
AIRFLOW_CTX_DAG_OWNER=your_name
AIRFLOW_CTX_DAG_ID=your_python_dag
AIRFLOW_CTX_TASK_ID=build_save_model_task
AIRFLOW_CTX_EXECUTION_DATE=2023-09-18T00:21:02.720491+00:00
AIRFLOW_CTX_TRY_NUMBER=1
AIRFLOW_CTX_DAG_RUN_ID=manual__2023-09-18T00:21:02.720491+00:00
[2023-09-18T00:22:09.623+0000] {local_task_job.py:208} INFO - Task exited with return code Negsignal.SIGKILL
[2023-09-18T00:22:41.106+0000] {taskinstance.py:2578} INFO - 0 downstream tasks scheduled from follow-on schedule check
