[2023-09-17T19:03:48.913+0000] {taskinstance.py:1083} INFO - Dependencies all met for <TaskInstance: your_python_dag.load_data_task manual__2023-09-17T19:03:45.980636+00:00 [queued]>
[2023-09-17T19:03:48.923+0000] {taskinstance.py:1083} INFO - Dependencies all met for <TaskInstance: your_python_dag.load_data_task manual__2023-09-17T19:03:45.980636+00:00 [queued]>
[2023-09-17T19:03:48.923+0000] {taskinstance.py:1279} INFO - 
--------------------------------------------------------------------------------
[2023-09-17T19:03:48.924+0000] {taskinstance.py:1280} INFO - Starting attempt 1 of 1
[2023-09-17T19:03:48.924+0000] {taskinstance.py:1281} INFO - 
--------------------------------------------------------------------------------
[2023-09-17T19:03:48.935+0000] {taskinstance.py:1300} INFO - Executing <Task(PythonOperator): load_data_task> on 2023-09-17 19:03:45.980636+00:00
[2023-09-17T19:03:48.949+0000] {standard_task_runner.py:55} INFO - Started process 2720 to run task
[2023-09-17T19:03:48.954+0000] {standard_task_runner.py:82} INFO - Running: ['***', 'tasks', 'run', 'your_python_dag', 'load_data_task', 'manual__2023-09-17T19:03:45.980636+00:00', '--job-id', '43', '--raw', '--subdir', 'DAGS_FOLDER/***.py', '--cfg-path', '/tmp/tmpzwnub0p8']
[2023-09-17T19:03:48.956+0000] {standard_task_runner.py:83} INFO - Job 43: Subtask load_data_task
[2023-09-17T19:03:49.036+0000] {task_command.py:388} INFO - Running <TaskInstance: your_python_dag.load_data_task manual__2023-09-17T19:03:45.980636+00:00 [running]> on host 80c059a34b8e
[2023-09-17T19:03:49.101+0000] {taskinstance.py:1509} INFO - Exporting the following env vars:
AIRFLOW_CTX_DAG_OWNER=your_name
AIRFLOW_CTX_DAG_ID=your_python_dag
AIRFLOW_CTX_TASK_ID=load_data_task
AIRFLOW_CTX_EXECUTION_DATE=2023-09-17T19:03:45.980636+00:00
AIRFLOW_CTX_TRY_NUMBER=1
AIRFLOW_CTX_DAG_RUN_ID=manual__2023-09-17T19:03:45.980636+00:00
[2023-09-17T19:03:49.113+0000] {taskinstance.py:1768} ERROR - Task failed with exception
Traceback (most recent call last):
  File "/home/airflow/.local/lib/python3.7/site-packages/airflow/operators/python.py", line 175, in execute
    return_value = self.execute_callable()
  File "/home/airflow/.local/lib/python3.7/site-packages/airflow/operators/python.py", line 192, in execute_callable
    return self.python_callable(*self.op_args, **self.op_kwargs)
  File "/opt/airflow/dags/src/lab2.py", line 18, in load_data
    data = pd.read_csv(path)
  File "/home/airflow/.local/lib/python3.7/site-packages/pandas/util/_decorators.py", line 311, in wrapper
    return func(*args, **kwargs)
  File "/home/airflow/.local/lib/python3.7/site-packages/pandas/io/parsers/readers.py", line 586, in read_csv
    return _read(filepath_or_buffer, kwds)
  File "/home/airflow/.local/lib/python3.7/site-packages/pandas/io/parsers/readers.py", line 482, in _read
    parser = TextFileReader(filepath_or_buffer, **kwds)
  File "/home/airflow/.local/lib/python3.7/site-packages/pandas/io/parsers/readers.py", line 811, in __init__
    self._engine = self._make_engine(self.engine)
  File "/home/airflow/.local/lib/python3.7/site-packages/pandas/io/parsers/readers.py", line 1040, in _make_engine
    return mapping[engine](self.f, **self.options)  # type: ignore[call-arg]
  File "/home/airflow/.local/lib/python3.7/site-packages/pandas/io/parsers/c_parser_wrapper.py", line 51, in __init__
    self._open_handles(src, kwds)
  File "/home/airflow/.local/lib/python3.7/site-packages/pandas/io/parsers/base_parser.py", line 229, in _open_handles
    errors=kwds.get("encoding_errors", "strict"),
  File "/home/airflow/.local/lib/python3.7/site-packages/pandas/io/common.py", line 707, in get_handle
    newline="",
FileNotFoundError: [Errno 2] No such file or directory: '/Users/dheeraj/app/file.csv'
[2023-09-17T19:03:49.127+0000] {taskinstance.py:1323} INFO - Marking task as FAILED. dag_id=your_python_dag, task_id=load_data_task, execution_date=20230917T190345, start_date=20230917T190348, end_date=20230917T190349
[2023-09-17T19:03:49.137+0000] {standard_task_runner.py:105} ERROR - Failed to execute job 43 for task load_data_task ([Errno 2] No such file or directory: '/Users/dheeraj/app/file.csv'; 2720)
[2023-09-17T19:03:49.167+0000] {local_task_job.py:208} INFO - Task exited with return code 1
[2023-09-17T19:03:49.191+0000] {taskinstance.py:2578} INFO - 0 downstream tasks scheduled from follow-on schedule check
