[2023-09-30T17:31:11.929+0000] {taskinstance.py:1083} INFO - Dependencies all met for <TaskInstance: your_python_dag.load_data_task manual__2023-09-30T17:31:06.401145+00:00 [queued]>
[2023-09-30T17:31:11.937+0000] {taskinstance.py:1083} INFO - Dependencies all met for <TaskInstance: your_python_dag.load_data_task manual__2023-09-30T17:31:06.401145+00:00 [queued]>
[2023-09-30T17:31:11.937+0000] {taskinstance.py:1279} INFO - 
--------------------------------------------------------------------------------
[2023-09-30T17:31:11.937+0000] {taskinstance.py:1280} INFO - Starting attempt 1 of 1
[2023-09-30T17:31:11.937+0000] {taskinstance.py:1281} INFO - 
--------------------------------------------------------------------------------
[2023-09-30T17:31:11.948+0000] {taskinstance.py:1300} INFO - Executing <Task(PythonOperator): load_data_task> on 2023-09-30 17:31:06.401145+00:00
[2023-09-30T17:31:11.964+0000] {standard_task_runner.py:55} INFO - Started process 4232 to run task
[2023-09-30T17:31:11.968+0000] {standard_task_runner.py:82} INFO - Running: ['***', 'tasks', 'run', 'your_python_dag', 'load_data_task', 'manual__2023-09-30T17:31:06.401145+00:00', '--job-id', '256', '--raw', '--subdir', 'DAGS_FOLDER/***.py', '--cfg-path', '/tmp/tmpyw1nwd8o']
[2023-09-30T17:31:11.970+0000] {standard_task_runner.py:83} INFO - Job 256: Subtask load_data_task
[2023-09-30T17:31:12.081+0000] {task_command.py:388} INFO - Running <TaskInstance: your_python_dag.load_data_task manual__2023-09-30T17:31:06.401145+00:00 [running]> on host 48572125e3d1
[2023-09-30T17:31:12.152+0000] {taskinstance.py:1509} INFO - Exporting the following env vars:
AIRFLOW_CTX_DAG_OWNER=your_name
AIRFLOW_CTX_DAG_ID=your_python_dag
AIRFLOW_CTX_TASK_ID=load_data_task
AIRFLOW_CTX_EXECUTION_DATE=2023-09-30T17:31:06.401145+00:00
AIRFLOW_CTX_TRY_NUMBER=1
AIRFLOW_CTX_DAG_RUN_ID=manual__2023-09-30T17:31:06.401145+00:00
[2023-09-30T17:31:13.003+0000] {logging_mixin.py:137} INFO - GitHub issue created successfully: https://github.com/DRAJ6/Airflow-GitHub/issues/9
[2023-09-30T17:31:13.011+0000] {python.py:177} INFO - Done. Returned value was: None
[2023-09-30T17:31:13.045+0000] {taskinstance.py:1323} INFO - Marking task as SUCCESS. dag_id=your_python_dag, task_id=load_data_task, execution_date=20230930T173106, start_date=20230930T173111, end_date=20230930T173113
[2023-09-30T17:31:13.121+0000] {local_task_job.py:208} INFO - Task exited with return code 0
[2023-09-30T17:31:13.255+0000] {taskinstance.py:2578} INFO - 0 downstream tasks scheduled from follow-on schedule check
