[2023-09-18T00:27:56.966+0000] {taskinstance.py:1083} INFO - Dependencies all met for <TaskInstance: your_python_dag.build_save_model_task manual__2023-09-18T00:27:45.896407+00:00 [queued]>
[2023-09-18T00:27:56.978+0000] {taskinstance.py:1083} INFO - Dependencies all met for <TaskInstance: your_python_dag.build_save_model_task manual__2023-09-18T00:27:45.896407+00:00 [queued]>
[2023-09-18T00:27:56.978+0000] {taskinstance.py:1279} INFO - 
--------------------------------------------------------------------------------
[2023-09-18T00:27:56.979+0000] {taskinstance.py:1280} INFO - Starting attempt 1 of 1
[2023-09-18T00:27:56.979+0000] {taskinstance.py:1281} INFO - 
--------------------------------------------------------------------------------
[2023-09-18T00:27:56.993+0000] {taskinstance.py:1300} INFO - Executing <Task(PythonOperator): build_save_model_task> on 2023-09-18 00:27:45.896407+00:00
[2023-09-18T00:27:57.012+0000] {standard_task_runner.py:55} INFO - Started process 8780 to run task
[2023-09-18T00:27:57.021+0000] {standard_task_runner.py:82} INFO - Running: ['***', 'tasks', 'run', 'your_python_dag', 'build_save_model_task', 'manual__2023-09-18T00:27:45.896407+00:00', '--job-id', '174', '--raw', '--subdir', 'DAGS_FOLDER/***.py', '--cfg-path', '/tmp/tmp2m23wxm2']
[2023-09-18T00:27:57.028+0000] {standard_task_runner.py:83} INFO - Job 174: Subtask build_save_model_task
[2023-09-18T00:27:57.125+0000] {task_command.py:388} INFO - Running <TaskInstance: your_python_dag.build_save_model_task manual__2023-09-18T00:27:45.896407+00:00 [running]> on host b55550b47356
[2023-09-18T00:27:57.266+0000] {taskinstance.py:1509} INFO - Exporting the following env vars:
AIRFLOW_CTX_DAG_OWNER=your_name
AIRFLOW_CTX_DAG_ID=your_python_dag
AIRFLOW_CTX_TASK_ID=build_save_model_task
AIRFLOW_CTX_EXECUTION_DATE=2023-09-18T00:27:45.896407+00:00
AIRFLOW_CTX_TRY_NUMBER=1
AIRFLOW_CTX_DAG_RUN_ID=manual__2023-09-18T00:27:45.896407+00:00
[2023-09-18T00:29:07.477+0000] {python.py:177} INFO - Done. Returned value was: [194095943243.4237, 103833591777.31264, 79093274784.43369, 64156354024.30774, 55446852157.182755, 47636232802.306145, 41226505296.04611, 36537758325.32662, 33486183212.569458, 30737863698.858368, 28457192495.51761, 26022262625.218796, 24696095424.979927, 23768592628.60553, 22692637328.551796, 21757778488.85749, 20799851230.653236, 19854534797.535603, 18877932295.12896, 18312108965.10762, 17718939136.50378, 17163034487.08297, 16936355354.806011, 16528809376.454231, 16057446113.395395, 15685257279.706623, 15304047526.739357, 14993718586.438786, 14514183173.285496, 14287105527.353956, 14136310700.738422, 13908096769.065556, 13514575859.7971, 13394250734.417576, 12959163285.072733, 12898440254.585485, 12760400430.402527, 12174873099.01796, 12193821694.568401, 12138283872.177479, 11875848260.559412, 11898330962.556091, 11660821116.551695, 11457463078.90593, 10836284020.787941, 11178556105.110046, 10845380962.415249, 10681176166.687145, 10612386221.652084]
[2023-09-18T00:29:07.567+0000] {taskinstance.py:1323} INFO - Marking task as SUCCESS. dag_id=your_python_dag, task_id=build_save_model_task, execution_date=20230918T002745, start_date=20230918T002756, end_date=20230918T002907
[2023-09-18T00:29:07.619+0000] {local_task_job.py:208} INFO - Task exited with return code 0
[2023-09-18T00:29:07.665+0000] {taskinstance.py:2578} INFO - 1 downstream tasks scheduled from follow-on schedule check
